41.8053 	INFO 	Loaded monitor calibration from ['2025_08_12 09:41']
41.8269 	WARNING 	User requested fullscreen with size [1024  768], but screen is actually [1920, 1080]. Using actual size
42.1813 	INFO 	Using renderer 'AMD Radeon(TM) Graphics' for graphics
42.1814 	INFO 	OpenGL version supported by driver is 4..
42.2746 	EXP 	Created window1 = Window(allowGUI=False, allowStencil=False, autoLog=True, backendConf=UNKNOWN, backgroundFit=<method-wrapper '__getattribute__' of attributeSetter object at 0x000002B8CA726B00>, backgroundImage=<method-wrapper '__getattribute__' of attributeSetter object at 0x000002B8CA726AA0>, bitsMode=UNKNOWN, blendMode='avg', bpc=(8, 8, 8), color=array([0, 0, 0]), colorSpace='rgb', depthBits=8, fullscr=True, gamma=None, gammaErrorPolicy='raise', infoMsg=UNKNOWN, lms=UNKNOWN, monitor=<psychopy.monitors.calibTools.Monitor object at 0x000002B8CA250880>, multiSample=False, name='window1', numSamples=2, pos=[np.float64(0.0), np.float64(0.0)], screen=0, size=array([1920, 1080]), stencilBits=0, stereo=False, title='PsychoPy', units='height', useFBO=True, useRetina=False, viewOri=0.0, viewPos=None, viewScale=None, waitBlanking=True, winType='pyglet')
42.2747 	EXP 	window1: backgroundImage = ''
42.2747 	EXP 	window1: backgroundFit = 'none'
42.6817 	EXP 	window1: Attempting to measure frame rate of screen (0) ...
42.6817 	EXP 	window1: recordFrameIntervals = False
43.3274 	EXP 	window1: recordFrameIntervals = True
43.9553 	EXP 	Screen (0) actual frame rate measured at 122.75Hz
43.9554 	EXP 	window1: recordFrameIntervals = False
44.0135 	INFO 	keyboard.Keyboard is using ptb backend.
44.0136 	EXP 	StroopTask: status = STARTED
44.1085 	EXP 	Created text_2 = TextStim(__class__=<class 'psychopy.visual.text.TextStim'>, alignHoriz=method-wrapper(...), alignText='center', alignVert=method-wrapper(...), anchorHoriz='center', anchorVert='center', antialias=True, autoDraw=False, autoLog=True, bold=False, color=array([1., 1., 1.]), colorSpace='rgb', contrast=1.0, depth=0.0, draggable=False, flipHoriz=False, flipVert=False, font='Arial', fontFiles=[], height=np.float64(0.05), italic=False, languageStyle='LTR', name='text_2', opacity=1, ori=0.0, pos=array([0., 0.]), rgb=UNKNOWN, text='Welcome!', units='height', win=Window(...), wrapWidth=1)
44.1151 	EXP 	Created fixation = ShapeStim(__class__=<class 'psychopy.visual.shape.ShapeStim'>, anchor=('center', 'center'), autoDraw=False, autoLog=True, closeShape=True, color=method-wrapper(...), colorSpace='rgb', contrast=None, depth=0.0, draggable=False, fillColor=array([1, 1, 1]), fillColorSpace='rgb', fillRGB=array([1, 1, 1]), interpolate=True, lineColor=array([1., 1., 1.]), lineColorSpace='rgb', lineRGB=array([1, 1, 1]), lineWidth=1.0, name='fixation', opacity=1, ori=0.0, pos=array([0., 0.]), size=array([10., 10.]), units='pix', vertices=ndarray(...), win=Window(...), windingRule=None)
44.1158 	EXP 	Created text = TextStim(__class__=<class 'psychopy.visual.text.TextStim'>, alignHoriz=method-wrapper(...), alignText='center', alignVert=method-wrapper(...), anchorHoriz='center', anchorVert='center', antialias=True, autoDraw=False, autoLog=True, bold=False, color=array([1., 1., 1.]), colorSpace='rgb', contrast=1.0, depth=-1.0, draggable=False, flipHoriz=False, flipVert=False, font='Arial', fontFiles=[], height=0.05, italic=False, languageStyle='LTR', name='text', opacity=1, ori=0.0, pos=array([0., 0.]), rgb=UNKNOWN, text='', units='height', win=Window(...), wrapWidth=1)
44.1229 	EXP 	Created text_3 = TextStim(__class__=<class 'psychopy.visual.text.TextStim'>, alignHoriz=method-wrapper(...), alignText='center', alignVert=method-wrapper(...), anchorHoriz='center', anchorVert='center', antialias=True, autoDraw=False, autoLog=True, bold=False, color=array([1., 1., 1.]), colorSpace='rgb', contrast=1.0, depth=0.0, draggable=False, flipHoriz=False, flipVert=False, font='Arial', fontFiles=[], height=np.float64(0.05), italic=False, languageStyle='LTR', name='text_3', opacity=1, ori=0.0, pos=array([0., 0.]), rgb=UNKNOWN, text='Thankyou!!!!!', units='height', win=Window(...), wrapWidth=1)
0.0187 	EXP 	text_2: autoDraw = True
1.0089 	EXP 	Imported C:/Users/Kashish/Downloads/StroopTask.xlsx as conditions, 4 conditions, 4 params
1.0103 	EXP 	New trial (rep=0, index=0): <Trial 0 (0 in rep 0) data={'Word': 'BLUE', 'Color': 'blue', 'Stimulus_Condition': 'C', 'Correct_Response': 'b', 'thisN': 0, 'thisTrialN': 0, 'thisRepN': 0}>
1.0242 	EXP 	text_2: autoDraw = False
1.0242 	EXP 	text: foreColor = <psychopy.colors.Color: blue, alpha=1.0>
1.0242 	EXP 	text: height = np.float64(0.05)
1.0242 	EXP 	text: height = np.float64(0.05)
1.0242 	EXP 	text: height = np.float64(0.05)
1.0242 	EXP 	text: text = 'BLUE'
1.0242 	EXP 	fixation: autoDraw = True
1.4904 	INFO 	Keyboard events cleared
1.4903 	EXP 	fixation: autoDraw = False
1.4903 	EXP 	text: autoDraw = True
2.0849 	EXP 	Device response: <KeyPress from None: t=2.0715147000000798, value=b, duration=None>
2.0851 	EXP 	New trial (rep=0, index=1): <Trial 1 (1 in rep 0) data={'Word': 'RED', 'Color': 'red', 'Stimulus_Condition': 'C', 'Correct_Response': 'r', 'thisN': 1, 'thisTrialN': 1, 'thisRepN': 0}>
2.0884 	DATA 	Keypress: b
2.0926 	EXP 	fixation: autoDraw = False
2.0926 	EXP 	text: autoDraw = False
2.0926 	EXP 	text: foreColor = <psychopy.colors.Color: red, alpha=1.0>
2.0926 	EXP 	text: height = np.float64(0.05)
2.0926 	EXP 	text: height = np.float64(0.05)
2.0926 	EXP 	text: height = np.float64(0.05)
2.0926 	EXP 	text: text = 'RED'
2.0926 	EXP 	fixation: autoDraw = True
2.1763 	EXP 	Device response: <KeyPress from None: t=2.0715147000000798, value=b, duration=0.1038165999998455>
2.5796 	INFO 	Keyboard events cleared
2.5795 	EXP 	fixation: autoDraw = False
2.5795 	EXP 	text: autoDraw = True
3.1781 	EXP 	Device response: <KeyPress from None: t=3.1766112000004796, value=r, duration=None>
3.1783 	EXP 	New trial (rep=0, index=2): <Trial 2 (2 in rep 0) data={'Word': 'BLUE', 'Color': 'red', 'Stimulus_Condition': 'I', 'Correct_Response': 'r', 'thisN': 2, 'thisTrialN': 2, 'thisRepN': 0}>
3.1802 	DATA 	Keypress: r
3.1847 	EXP 	fixation: autoDraw = False
3.1847 	EXP 	text: autoDraw = False
3.1847 	EXP 	text: foreColor = <psychopy.colors.Color: red, alpha=1.0>
3.1847 	EXP 	text: height = np.float64(0.05)
3.1847 	EXP 	text: height = np.float64(0.05)
3.1847 	EXP 	text: height = np.float64(0.05)
3.1847 	EXP 	text: text = 'BLUE'
3.1847 	EXP 	fixation: autoDraw = True
3.2544 	EXP 	Device response: <KeyPress from None: t=3.1766112000004796, value=r, duration=0.07303419999971084>
3.6686 	INFO 	Keyboard events cleared
3.6685 	EXP 	fixation: autoDraw = False
3.6685 	EXP 	text: autoDraw = True
4.7936 	EXP 	Device response: <KeyPress from None: t=4.7900328000005175, value=r, duration=None>
4.7939 	EXP 	New trial (rep=0, index=3): <Trial 3 (3 in rep 0) data={'Word': 'RED', 'Color': 'blue', 'Stimulus_Condition': 'I', 'Correct_Response': 'b', 'thisN': 3, 'thisTrialN': 3, 'thisRepN': 0}>
4.7960 	DATA 	Keypress: r
4.8006 	EXP 	fixation: autoDraw = False
4.8006 	EXP 	text: autoDraw = False
4.8006 	EXP 	text: foreColor = <psychopy.colors.Color: blue, alpha=1.0>
4.8006 	EXP 	text: height = np.float64(0.05)
4.8006 	EXP 	text: height = np.float64(0.05)
4.8006 	EXP 	text: height = np.float64(0.05)
4.8006 	EXP 	text: text = 'RED'
4.8006 	EXP 	fixation: autoDraw = True
4.8781 	EXP 	Device response: <KeyPress from None: t=4.7900328000005175, value=r, duration=0.08357929999965563>
5.2863 	INFO 	Keyboard events cleared
5.2862 	EXP 	fixation: autoDraw = False
5.2862 	EXP 	text: autoDraw = True
6.2472 	EXP 	Device response: <KeyPress from None: t=6.246607500000209, value=b, duration=None>
6.2475 	EXP 	New trial (rep=1, index=0): <Trial 4 (0 in rep 1) data={'Word': 'RED', 'Color': 'blue', 'Stimulus_Condition': 'I', 'Correct_Response': 'b', 'thisN': 4, 'thisTrialN': 0, 'thisRepN': 1}>
6.2490 	DATA 	Keypress: b
6.2553 	EXP 	fixation: autoDraw = False
6.2553 	EXP 	text: autoDraw = False
6.2553 	EXP 	text: foreColor = <psychopy.colors.Color: blue, alpha=1.0>
6.2553 	EXP 	text: text = 'RED'
6.2553 	EXP 	fixation: autoDraw = True
6.3700 	EXP 	Device response: <KeyPress from None: t=6.246607500000209, value=b, duration=0.12235619999955816>
6.7448 	INFO 	Keyboard events cleared
6.7446 	EXP 	fixation: autoDraw = False
6.7446 	EXP 	text: autoDraw = True
7.4636 	DATA 	Keypress: b
7.4698 	EXP 	Device response: <KeyPress from None: t=7.463068099999873, value=b, duration=None>
7.4700 	EXP 	New trial (rep=1, index=1): <Trial 5 (1 in rep 1) data={'Word': 'BLUE', 'Color': 'red', 'Stimulus_Condition': 'I', 'Correct_Response': 'r', 'thisN': 5, 'thisTrialN': 1, 'thisRepN': 1}>
7.4763 	EXP 	fixation: autoDraw = False
7.4763 	EXP 	text: autoDraw = False
7.4763 	EXP 	text: foreColor = <psychopy.colors.Color: red, alpha=1.0>
7.4763 	EXP 	text: height = np.float64(0.05)
7.4763 	EXP 	text: height = np.float64(0.05)
7.4763 	EXP 	text: height = np.float64(0.05)
7.4763 	EXP 	text: text = 'BLUE'
7.4763 	EXP 	fixation: autoDraw = True
7.5779 	EXP 	Device response: <KeyPress from None: t=7.463068099999873, value=b, duration=0.10799760000008973>
7.9645 	INFO 	Keyboard events cleared
7.9644 	EXP 	fixation: autoDraw = False
7.9644 	EXP 	text: autoDraw = True
8.6211 	EXP 	Device response: <KeyPress from None: t=8.61840889999985, value=r, duration=None>
8.6214 	EXP 	New trial (rep=1, index=2): <Trial 6 (2 in rep 1) data={'Word': 'RED', 'Color': 'red', 'Stimulus_Condition': 'C', 'Correct_Response': 'r', 'thisN': 6, 'thisTrialN': 2, 'thisRepN': 1}>
8.6232 	DATA 	Keypress: r
8.6275 	EXP 	fixation: autoDraw = False
8.6275 	EXP 	text: autoDraw = False
8.6275 	EXP 	text: foreColor = <psychopy.colors.Color: red, alpha=1.0>
8.6275 	EXP 	text: height = np.float64(0.05)
8.6275 	EXP 	text: height = np.float64(0.05)
8.6275 	EXP 	text: height = np.float64(0.05)
8.6275 	EXP 	text: text = 'RED'
8.6275 	EXP 	fixation: autoDraw = True
8.6976 	EXP 	Device response: <KeyPress from None: t=8.61840889999985, value=r, duration=0.07808199999999488>
9.1156 	INFO 	Keyboard events cleared
9.1155 	EXP 	fixation: autoDraw = False
9.1155 	EXP 	text: autoDraw = True
9.7566 	EXP 	Device response: <KeyPress from None: t=9.753441300000304, value=r, duration=None>
9.7568 	EXP 	New trial (rep=1, index=3): <Trial 7 (3 in rep 1) data={'Word': 'BLUE', 'Color': 'blue', 'Stimulus_Condition': 'C', 'Correct_Response': 'b', 'thisN': 7, 'thisTrialN': 3, 'thisRepN': 1}>
9.7595 	DATA 	Keypress: r
9.7638 	EXP 	fixation: autoDraw = False
9.7638 	EXP 	text: autoDraw = False
9.7638 	EXP 	text: foreColor = <psychopy.colors.Color: blue, alpha=1.0>
9.7638 	EXP 	text: height = np.float64(0.05)
9.7638 	EXP 	text: height = np.float64(0.05)
9.7638 	EXP 	text: height = np.float64(0.05)
9.7638 	EXP 	text: text = 'BLUE'
9.7638 	EXP 	fixation: autoDraw = True
9.8205 	EXP 	Device response: <KeyPress from None: t=9.753441300000304, value=r, duration=0.06310020000000804>
10.2523 	INFO 	Keyboard events cleared
10.2522 	EXP 	fixation: autoDraw = False
10.2522 	EXP 	text: autoDraw = True
10.9902 	EXP 	Device response: <KeyPress from None: t=10.98714530000052, value=b, duration=None>
10.9905 	EXP 	New trial (rep=2, index=0): <Trial 8 (0 in rep 2) data={'Word': 'RED', 'Color': 'red', 'Stimulus_Condition': 'C', 'Correct_Response': 'r', 'thisN': 8, 'thisTrialN': 0, 'thisRepN': 2}>
10.9930 	DATA 	Keypress: b
10.9971 	EXP 	fixation: autoDraw = False
10.9971 	EXP 	text: autoDraw = False
10.9971 	EXP 	text: foreColor = <psychopy.colors.Color: red, alpha=1.0>
10.9971 	EXP 	text: height = np.float64(0.05)
10.9971 	EXP 	text: height = np.float64(0.05)
10.9971 	EXP 	text: height = np.float64(0.05)
10.9971 	EXP 	text: text = 'RED'
10.9971 	EXP 	fixation: autoDraw = True
11.0620 	EXP 	Device response: <KeyPress from None: t=10.98714530000052, value=b, duration=0.07386049999968236>
11.4863 	INFO 	Keyboard events cleared
11.4862 	EXP 	fixation: autoDraw = False
11.4862 	EXP 	text: autoDraw = True
12.0467 	EXP 	Device response: <KeyPress from None: t=12.04390930000045, value=r, duration=None>
12.0469 	EXP 	New trial (rep=2, index=1): <Trial 9 (1 in rep 2) data={'Word': 'BLUE', 'Color': 'red', 'Stimulus_Condition': 'I', 'Correct_Response': 'r', 'thisN': 9, 'thisTrialN': 1, 'thisRepN': 2}>
12.0493 	DATA 	Keypress: r
12.0545 	EXP 	fixation: autoDraw = False
12.0545 	EXP 	text: autoDraw = False
12.0545 	EXP 	text: foreColor = <psychopy.colors.Color: red, alpha=1.0>
12.0545 	EXP 	text: height = np.float64(0.05)
12.0545 	EXP 	text: height = np.float64(0.05)
12.0545 	EXP 	text: height = np.float64(0.05)
12.0545 	EXP 	text: text = 'BLUE'
12.0545 	EXP 	fixation: autoDraw = True
12.1475 	EXP 	Device response: <KeyPress from None: t=12.04390930000045, value=r, duration=0.09844509999948059>
12.5433 	INFO 	Keyboard events cleared
12.5431 	EXP 	fixation: autoDraw = False
12.5431 	EXP 	text: autoDraw = True
13.2779 	EXP 	Device response: <KeyPress from None: t=13.277104100000543, value=r, duration=None>
13.2782 	EXP 	New trial (rep=2, index=2): <Trial 10 (2 in rep 2) data={'Word': 'BLUE', 'Color': 'blue', 'Stimulus_Condition': 'C', 'Correct_Response': 'b', 'thisN': 10, 'thisTrialN': 2, 'thisRepN': 2}>
13.2790 	DATA 	Keypress: r
13.2840 	EXP 	fixation: autoDraw = False
13.2840 	EXP 	text: autoDraw = False
13.2840 	EXP 	text: foreColor = <psychopy.colors.Color: blue, alpha=1.0>
13.2840 	EXP 	text: text = 'BLUE'
13.2840 	EXP 	fixation: autoDraw = True
13.3469 	EXP 	Device response: <KeyPress from None: t=13.277104100000543, value=r, duration=0.06741669999973965>
13.7705 	INFO 	Keyboard events cleared
13.7703 	EXP 	fixation: autoDraw = False
13.7703 	EXP 	text: autoDraw = True
14.3390 	EXP 	Device response: <KeyPress from None: t=14.336074100000587, value=b, duration=None>
14.3393 	EXP 	New trial (rep=2, index=3): <Trial 11 (3 in rep 2) data={'Word': 'RED', 'Color': 'blue', 'Stimulus_Condition': 'I', 'Correct_Response': 'b', 'thisN': 11, 'thisTrialN': 3, 'thisRepN': 2}>
14.3411 	DATA 	Keypress: b
14.3456 	EXP 	fixation: autoDraw = False
14.3456 	EXP 	text: autoDraw = False
14.3456 	EXP 	text: foreColor = <psychopy.colors.Color: blue, alpha=1.0>
14.3456 	EXP 	text: height = np.float64(0.05)
14.3456 	EXP 	text: height = np.float64(0.05)
14.3456 	EXP 	text: height = np.float64(0.05)
14.3456 	EXP 	text: text = 'RED'
14.3456 	EXP 	fixation: autoDraw = True
14.4374 	EXP 	Device response: <KeyPress from None: t=14.336074100000587, value=b, duration=0.09792829999969399>
14.8288 	INFO 	Keyboard events cleared
14.8287 	EXP 	fixation: autoDraw = False
14.8287 	EXP 	text: autoDraw = True
15.6225 	EXP 	Device response: <KeyPress from None: t=15.616980599999806, value=b, duration=None>
15.6228 	EXP 	New trial (rep=3, index=0): <Trial 12 (0 in rep 3) data={'Word': 'BLUE', 'Color': 'blue', 'Stimulus_Condition': 'C', 'Correct_Response': 'b', 'thisN': 12, 'thisTrialN': 0, 'thisRepN': 3}>
15.6255 	DATA 	Keypress: b
15.6299 	EXP 	fixation: autoDraw = False
15.6299 	EXP 	text: autoDraw = False
15.6299 	EXP 	text: foreColor = <psychopy.colors.Color: blue, alpha=1.0>
15.6299 	EXP 	text: height = np.float64(0.05)
15.6299 	EXP 	text: height = np.float64(0.05)
15.6299 	EXP 	text: height = np.float64(0.05)
15.6299 	EXP 	text: text = 'BLUE'
15.6299 	EXP 	fixation: autoDraw = True
15.7137 	EXP 	Device response: <KeyPress from None: t=15.616980599999806, value=b, duration=0.09447730000010779>
16.1163 	INFO 	Keyboard events cleared
16.1162 	EXP 	fixation: autoDraw = False
16.1162 	EXP 	text: autoDraw = True
16.6375 	EXP 	Device response: <KeyPress from None: t=16.63470099999995, value=b, duration=None>
16.6377 	EXP 	New trial (rep=3, index=1): <Trial 13 (1 in rep 3) data={'Word': 'RED', 'Color': 'blue', 'Stimulus_Condition': 'I', 'Correct_Response': 'b', 'thisN': 13, 'thisTrialN': 1, 'thisRepN': 3}>
16.6394 	DATA 	Keypress: b
16.6441 	EXP 	fixation: autoDraw = False
16.6441 	EXP 	text: autoDraw = False
16.6441 	EXP 	text: foreColor = <psychopy.colors.Color: blue, alpha=1.0>
16.6441 	EXP 	text: height = np.float64(0.05)
16.6441 	EXP 	text: height = np.float64(0.05)
16.6441 	EXP 	text: height = np.float64(0.05)
16.6441 	EXP 	text: text = 'RED'
16.6441 	EXP 	fixation: autoDraw = True
16.7839 	EXP 	Device response: <KeyPress from None: t=16.63470099999995, value=b, duration=0.14270380000016303>
17.1304 	INFO 	Keyboard events cleared
17.1303 	EXP 	fixation: autoDraw = False
17.1303 	EXP 	text: autoDraw = True
17.5404 	EXP 	Device response: <KeyPress from None: t=17.53488920000018, value=b, duration=None>
17.5407 	EXP 	New trial (rep=3, index=2): <Trial 14 (2 in rep 3) data={'Word': 'RED', 'Color': 'red', 'Stimulus_Condition': 'C', 'Correct_Response': 'r', 'thisN': 14, 'thisTrialN': 2, 'thisRepN': 3}>
17.5421 	DATA 	Keypress: b
17.5472 	EXP 	fixation: autoDraw = False
17.5472 	EXP 	text: autoDraw = False
17.5472 	EXP 	text: foreColor = <psychopy.colors.Color: red, alpha=1.0>
17.5472 	EXP 	text: text = 'RED'
17.5472 	EXP 	fixation: autoDraw = True
17.6242 	EXP 	Device response: <KeyPress from None: t=17.53488920000018, value=b, duration=0.08493929999985994>
18.0335 	INFO 	Keyboard events cleared
18.0333 	EXP 	fixation: autoDraw = False
18.0333 	EXP 	text: autoDraw = True
18.4867 	EXP 	Device response: <KeyPress from None: t=18.48087730000043, value=r, duration=None>
18.4871 	EXP 	New trial (rep=3, index=3): <Trial 15 (3 in rep 3) data={'Word': 'BLUE', 'Color': 'red', 'Stimulus_Condition': 'I', 'Correct_Response': 'r', 'thisN': 15, 'thisTrialN': 3, 'thisRepN': 3}>
18.4894 	DATA 	Keypress: r
18.4936 	EXP 	fixation: autoDraw = False
18.4936 	EXP 	text: autoDraw = False
18.4936 	EXP 	text: foreColor = <psychopy.colors.Color: red, alpha=1.0>
18.4936 	EXP 	text: height = np.float64(0.05)
18.4936 	EXP 	text: height = np.float64(0.05)
18.4936 	EXP 	text: height = np.float64(0.05)
18.4936 	EXP 	text: text = 'BLUE'
18.4936 	EXP 	fixation: autoDraw = True
18.5573 	EXP 	Device response: <KeyPress from None: t=18.48087730000043, value=r, duration=0.07267460000002757>
18.9786 	INFO 	Keyboard events cleared
18.9784 	EXP 	fixation: autoDraw = False
18.9784 	EXP 	text: autoDraw = True
19.4131 	EXP 	Device response: <KeyPress from None: t=19.41215050000028, value=r, duration=None>
19.4133 	EXP 	New trial (rep=4, index=0): <Trial 16 (0 in rep 4) data={'Word': 'RED', 'Color': 'red', 'Stimulus_Condition': 'C', 'Correct_Response': 'r', 'thisN': 16, 'thisTrialN': 0, 'thisRepN': 4}>
19.4158 	DATA 	Keypress: r
19.4219 	EXP 	fixation: autoDraw = False
19.4219 	EXP 	text: autoDraw = False
19.4219 	EXP 	text: foreColor = <psychopy.colors.Color: red, alpha=1.0>
19.4219 	EXP 	text: height = np.float64(0.05)
19.4219 	EXP 	text: height = np.float64(0.05)
19.4219 	EXP 	text: height = np.float64(0.05)
19.4219 	EXP 	text: text = 'RED'
19.4219 	EXP 	fixation: autoDraw = True
19.4858 	EXP 	Device response: <KeyPress from None: t=19.41215050000028, value=r, duration=0.07023529999969469>
19.9025 	INFO 	Keyboard events cleared
19.9023 	EXP 	fixation: autoDraw = False
19.9023 	EXP 	text: autoDraw = True
20.4783 	EXP 	Device response: <KeyPress from None: t=20.47244860000046, value=r, duration=None>
20.4787 	EXP 	New trial (rep=4, index=1): <Trial 17 (1 in rep 4) data={'Word': 'BLUE', 'Color': 'red', 'Stimulus_Condition': 'I', 'Correct_Response': 'r', 'thisN': 17, 'thisTrialN': 1, 'thisRepN': 4}>
20.4812 	DATA 	Keypress: r
20.4855 	EXP 	fixation: autoDraw = False
20.4855 	EXP 	text: autoDraw = False
20.4855 	EXP 	text: foreColor = <psychopy.colors.Color: red, alpha=1.0>
20.4855 	EXP 	text: height = np.float64(0.05)
20.4855 	EXP 	text: height = np.float64(0.05)
20.4855 	EXP 	text: height = np.float64(0.05)
20.4855 	EXP 	text: text = 'BLUE'
20.4855 	EXP 	fixation: autoDraw = True
20.5843 	EXP 	Device response: <KeyPress from None: t=20.47244860000046, value=r, duration=0.10623909999958414>
20.9713 	INFO 	Keyboard events cleared
20.9712 	EXP 	fixation: autoDraw = False
20.9712 	EXP 	text: autoDraw = True
21.4718 	EXP 	Device response: <KeyPress from None: t=21.46595780000007, value=r, duration=None>
21.4720 	EXP 	New trial (rep=4, index=2): <Trial 18 (2 in rep 4) data={'Word': 'BLUE', 'Color': 'blue', 'Stimulus_Condition': 'C', 'Correct_Response': 'b', 'thisN': 18, 'thisTrialN': 2, 'thisRepN': 4}>
21.4735 	DATA 	Keypress: r
21.4782 	EXP 	fixation: autoDraw = False
21.4782 	EXP 	text: autoDraw = False
21.4782 	EXP 	text: foreColor = <psychopy.colors.Color: blue, alpha=1.0>
21.4782 	EXP 	text: text = 'BLUE'
21.4782 	EXP 	fixation: autoDraw = True
21.5692 	EXP 	Device response: <KeyPress from None: t=21.46595780000007, value=r, duration=0.10298409999995783>
21.9668 	INFO 	Keyboard events cleared
21.9667 	EXP 	fixation: autoDraw = False
21.9667 	EXP 	text: autoDraw = True
22.4244 	EXP 	Device response: <KeyPress from None: t=22.419497500000034, value=b, duration=None>
22.4247 	EXP 	New trial (rep=4, index=3): <Trial 19 (3 in rep 4) data={'Word': 'RED', 'Color': 'blue', 'Stimulus_Condition': 'I', 'Correct_Response': 'b', 'thisN': 19, 'thisTrialN': 3, 'thisRepN': 4}>
22.4272 	DATA 	Keypress: b
22.4316 	EXP 	fixation: autoDraw = False
22.4316 	EXP 	text: autoDraw = False
22.4316 	EXP 	text: foreColor = <psychopy.colors.Color: blue, alpha=1.0>
22.4316 	EXP 	text: height = np.float64(0.05)
22.4316 	EXP 	text: height = np.float64(0.05)
22.4316 	EXP 	text: height = np.float64(0.05)
22.4316 	EXP 	text: text = 'RED'
22.4316 	EXP 	fixation: autoDraw = True
22.5030 	EXP 	Device response: <KeyPress from None: t=22.419497500000034, value=b, duration=0.08001680000052147>
22.9162 	INFO 	Keyboard events cleared
22.9161 	EXP 	fixation: autoDraw = False
22.9161 	EXP 	text: autoDraw = True
23.4656 	EXP 	Device response: <KeyPress from None: t=23.461983400000463, value=b, duration=None>
23.4659 	EXP 	New trial (rep=5, index=0): <Trial 20 (0 in rep 5) data={'Word': 'RED', 'Color': 'red', 'Stimulus_Condition': 'C', 'Correct_Response': 'r', 'thisN': 20, 'thisTrialN': 0, 'thisRepN': 5}>
23.4666 	DATA 	Keypress: b
23.4726 	EXP 	fixation: autoDraw = False
23.4726 	EXP 	text: autoDraw = False
23.4726 	EXP 	text: foreColor = <psychopy.colors.Color: red, alpha=1.0>
23.4726 	EXP 	text: text = 'RED'
23.4726 	EXP 	fixation: autoDraw = True
23.5642 	EXP 	Device response: <KeyPress from None: t=23.461983400000463, value=b, duration=0.09632019999935437>
23.9603 	INFO 	Keyboard events cleared
23.9602 	EXP 	fixation: autoDraw = False
23.9602 	EXP 	text: autoDraw = True
24.3900 	EXP 	Device response: <KeyPress from None: t=24.386893699999746, value=r, duration=None>
24.3904 	EXP 	New trial (rep=5, index=1): <Trial 21 (1 in rep 5) data={'Word': 'BLUE', 'Color': 'red', 'Stimulus_Condition': 'I', 'Correct_Response': 'r', 'thisN': 21, 'thisTrialN': 1, 'thisRepN': 5}>
24.3923 	DATA 	Keypress: r
24.3967 	EXP 	fixation: autoDraw = False
24.3967 	EXP 	text: autoDraw = False
24.3967 	EXP 	text: foreColor = <psychopy.colors.Color: red, alpha=1.0>
24.3967 	EXP 	text: height = np.float64(0.05)
24.3967 	EXP 	text: height = np.float64(0.05)
24.3967 	EXP 	text: height = np.float64(0.05)
24.3967 	EXP 	text: text = 'BLUE'
24.3967 	EXP 	fixation: autoDraw = True
24.4752 	EXP 	Device response: <KeyPress from None: t=24.386893699999746, value=r, duration=0.08803630000056728>
24.8797 	INFO 	Keyboard events cleared
24.8796 	EXP 	fixation: autoDraw = False
24.8796 	EXP 	text: autoDraw = True
25.6823 	DATA 	Keypress: r
25.6878 	EXP 	Device response: <KeyPress from None: t=25.68145000000004, value=r, duration=None>
25.6880 	EXP 	New trial (rep=5, index=2): <Trial 22 (2 in rep 5) data={'Word': 'RED', 'Color': 'blue', 'Stimulus_Condition': 'I', 'Correct_Response': 'b', 'thisN': 22, 'thisTrialN': 2, 'thisRepN': 5}>
25.6945 	EXP 	fixation: autoDraw = False
25.6945 	EXP 	text: autoDraw = False
25.6945 	EXP 	text: foreColor = <psychopy.colors.Color: blue, alpha=1.0>
25.6945 	EXP 	text: height = np.float64(0.05)
25.6945 	EXP 	text: height = np.float64(0.05)
25.6945 	EXP 	text: height = np.float64(0.05)
25.6945 	EXP 	text: text = 'RED'
25.6945 	EXP 	fixation: autoDraw = True
25.7728 	EXP 	Device response: <KeyPress from None: t=25.68145000000004, value=r, duration=0.08802300000024843>
26.1789 	INFO 	Keyboard events cleared
26.1788 	EXP 	fixation: autoDraw = False
26.1788 	EXP 	text: autoDraw = True
26.5906 	EXP 	Device response: <KeyPress from None: t=26.58715050000046, value=b, duration=None>
26.5907 	EXP 	New trial (rep=5, index=3): <Trial 23 (3 in rep 5) data={'Word': 'BLUE', 'Color': 'blue', 'Stimulus_Condition': 'C', 'Correct_Response': 'b', 'thisN': 23, 'thisTrialN': 3, 'thisRepN': 5}>
26.5938 	DATA 	Keypress: b
26.5981 	EXP 	fixation: autoDraw = False
26.5981 	EXP 	text: autoDraw = False
26.5981 	EXP 	text: foreColor = <psychopy.colors.Color: blue, alpha=1.0>
26.5981 	EXP 	text: height = np.float64(0.05)
26.5981 	EXP 	text: height = np.float64(0.05)
26.5981 	EXP 	text: height = np.float64(0.05)
26.5981 	EXP 	text: text = 'BLUE'
26.5981 	EXP 	fixation: autoDraw = True
26.6899 	EXP 	Device response: <KeyPress from None: t=26.58715050000046, value=b, duration=0.09813949999988836>
27.0888 	INFO 	Keyboard events cleared
27.0886 	EXP 	fixation: autoDraw = False
27.0886 	EXP 	text: autoDraw = True
27.5679 	EXP 	Device response: <KeyPress from None: t=27.56611200000043, value=b, duration=None>
27.5682 	EXP 	New trial (rep=6, index=0): <Trial 24 (0 in rep 6) data={'Word': 'BLUE', 'Color': 'blue', 'Stimulus_Condition': 'C', 'Correct_Response': 'b', 'thisN': 24, 'thisTrialN': 0, 'thisRepN': 6}>
27.5691 	DATA 	Keypress: b
27.5747 	EXP 	fixation: autoDraw = False
27.5747 	EXP 	text: autoDraw = False
27.5747 	EXP 	text: foreColor = <psychopy.colors.Color: blue, alpha=1.0>
27.5747 	EXP 	text: text = 'BLUE'
27.5747 	EXP 	fixation: autoDraw = True
27.6518 	EXP 	Device response: <KeyPress from None: t=27.56611200000043, value=b, duration=0.07807099999990896>
28.0595 	INFO 	Keyboard events cleared
28.0593 	EXP 	fixation: autoDraw = False
28.0593 	EXP 	text: autoDraw = True
28.4961 	EXP 	Device response: <KeyPress from None: t=28.48995990000003, value=b, duration=None>
28.4965 	EXP 	New trial (rep=6, index=1): <Trial 25 (1 in rep 6) data={'Word': 'BLUE', 'Color': 'red', 'Stimulus_Condition': 'I', 'Correct_Response': 'r', 'thisN': 25, 'thisTrialN': 1, 'thisRepN': 6}>
28.4977 	DATA 	Keypress: b
28.5028 	EXP 	fixation: autoDraw = False
28.5028 	EXP 	text: autoDraw = False
28.5028 	EXP 	text: foreColor = <psychopy.colors.Color: red, alpha=1.0>
28.5028 	EXP 	text: text = 'BLUE'
28.5028 	EXP 	fixation: autoDraw = True
28.5747 	EXP 	Device response: <KeyPress from None: t=28.48995990000003, value=b, duration=0.07828820000031556>
28.9869 	INFO 	Keyboard events cleared
28.9868 	EXP 	fixation: autoDraw = False
28.9868 	EXP 	text: autoDraw = True
29.3193 	EXP 	Device response: <KeyPress from None: t=29.31365780000033, value=r, duration=None>
29.3197 	EXP 	New trial (rep=6, index=2): <Trial 26 (2 in rep 6) data={'Word': 'RED', 'Color': 'blue', 'Stimulus_Condition': 'I', 'Correct_Response': 'b', 'thisN': 26, 'thisTrialN': 2, 'thisRepN': 6}>
29.3228 	DATA 	Keypress: r
29.3295 	EXP 	fixation: autoDraw = False
29.3295 	EXP 	text: autoDraw = False
29.3295 	EXP 	text: foreColor = <psychopy.colors.Color: blue, alpha=1.0>
29.3295 	EXP 	text: height = np.float64(0.05)
29.3295 	EXP 	text: height = np.float64(0.05)
29.3295 	EXP 	text: height = np.float64(0.05)
29.3295 	EXP 	text: text = 'RED'
29.3295 	EXP 	fixation: autoDraw = True
29.4432 	EXP 	Device response: <KeyPress from None: t=29.31365780000033, value=r, duration=0.12272440000015195>
29.8100 	INFO 	Keyboard events cleared
29.8098 	EXP 	fixation: autoDraw = False
29.8098 	EXP 	text: autoDraw = True
30.6767 	EXP 	Device response: <KeyPress from None: t=30.67522749999989, value=b, duration=None>
30.6769 	EXP 	New trial (rep=6, index=3): <Trial 27 (3 in rep 6) data={'Word': 'RED', 'Color': 'red', 'Stimulus_Condition': 'C', 'Correct_Response': 'r', 'thisN': 27, 'thisTrialN': 3, 'thisRepN': 6}>
30.6780 	DATA 	Keypress: b
30.6844 	EXP 	fixation: autoDraw = False
30.6844 	EXP 	text: autoDraw = False
30.6844 	EXP 	text: foreColor = <psychopy.colors.Color: red, alpha=1.0>
30.6844 	EXP 	text: text = 'RED'
30.6844 	EXP 	fixation: autoDraw = True
30.7909 	EXP 	Device response: <KeyPress from None: t=30.67522749999989, value=b, duration=0.11250890000064828>
31.1708 	INFO 	Keyboard events cleared
31.1707 	EXP 	fixation: autoDraw = False
31.1707 	EXP 	text: autoDraw = True
31.7364 	DATA 	Keypress: r
31.7418 	EXP 	Device response: <KeyPress from None: t=31.73540409999987, value=r, duration=None>
31.7421 	EXP 	New trial (rep=7, index=0): <Trial 28 (0 in rep 7) data={'Word': 'RED', 'Color': 'blue', 'Stimulus_Condition': 'I', 'Correct_Response': 'b', 'thisN': 28, 'thisTrialN': 0, 'thisRepN': 7}>
31.7487 	EXP 	fixation: autoDraw = False
31.7487 	EXP 	text: autoDraw = False
31.7487 	EXP 	text: foreColor = <psychopy.colors.Color: blue, alpha=1.0>
31.7487 	EXP 	text: text = 'RED'
31.7487 	EXP 	fixation: autoDraw = True
31.8792 	EXP 	Device response: <KeyPress from None: t=31.73540409999987, value=r, duration=0.13894909999999072>
32.2334 	INFO 	Keyboard events cleared
32.2333 	EXP 	fixation: autoDraw = False
32.2333 	EXP 	text: autoDraw = True
32.9730 	EXP 	Device response: <KeyPress from None: t=32.96811010000056, value=b, duration=None>
32.9733 	EXP 	New trial (rep=7, index=1): <Trial 29 (1 in rep 7) data={'Word': 'BLUE', 'Color': 'red', 'Stimulus_Condition': 'I', 'Correct_Response': 'r', 'thisN': 29, 'thisTrialN': 1, 'thisRepN': 7}>
32.9759 	DATA 	Keypress: b
32.9800 	EXP 	fixation: autoDraw = False
32.9800 	EXP 	text: autoDraw = False
32.9800 	EXP 	text: foreColor = <psychopy.colors.Color: red, alpha=1.0>
32.9800 	EXP 	text: height = np.float64(0.05)
32.9800 	EXP 	text: height = np.float64(0.05)
32.9800 	EXP 	text: height = np.float64(0.05)
32.9800 	EXP 	text: text = 'BLUE'
32.9800 	EXP 	fixation: autoDraw = True
33.0640 	EXP 	Device response: <KeyPress from None: t=32.96811010000056, value=b, duration=0.0929175999999643>
33.4715 	INFO 	Keyboard events cleared
33.4714 	EXP 	fixation: autoDraw = False
33.4714 	EXP 	text: autoDraw = True
34.0649 	EXP 	Device response: <KeyPress from None: t=34.060128500000246, value=r, duration=None>
34.0651 	EXP 	New trial (rep=7, index=2): <Trial 30 (2 in rep 7) data={'Word': 'RED', 'Color': 'red', 'Stimulus_Condition': 'C', 'Correct_Response': 'r', 'thisN': 30, 'thisTrialN': 2, 'thisRepN': 7}>
34.0676 	DATA 	Keypress: r
34.0722 	EXP 	fixation: autoDraw = False
34.0722 	EXP 	text: autoDraw = False
34.0722 	EXP 	text: foreColor = <psychopy.colors.Color: red, alpha=1.0>
34.0722 	EXP 	text: height = np.float64(0.05)
34.0722 	EXP 	text: height = np.float64(0.05)
34.0722 	EXP 	text: height = np.float64(0.05)
34.0722 	EXP 	text: text = 'RED'
34.0722 	EXP 	fixation: autoDraw = True
34.1499 	EXP 	Device response: <KeyPress from None: t=34.060128500000246, value=r, duration=0.08758839999973134>
34.5537 	INFO 	Keyboard events cleared
34.5536 	EXP 	fixation: autoDraw = False
34.5536 	EXP 	text: autoDraw = True
35.3284 	EXP 	Device response: <KeyPress from None: t=35.323001800000384, value=r, duration=None>
35.3287 	EXP 	New trial (rep=7, index=3): <Trial 31 (3 in rep 7) data={'Word': 'BLUE', 'Color': 'blue', 'Stimulus_Condition': 'C', 'Correct_Response': 'b', 'thisN': 31, 'thisTrialN': 3, 'thisRepN': 7}>
35.3314 	DATA 	Keypress: r
35.3360 	EXP 	fixation: autoDraw = False
35.3360 	EXP 	text: autoDraw = False
35.3360 	EXP 	text: foreColor = <psychopy.colors.Color: blue, alpha=1.0>
35.3360 	EXP 	text: height = np.float64(0.05)
35.3360 	EXP 	text: height = np.float64(0.05)
35.3360 	EXP 	text: height = np.float64(0.05)
35.3360 	EXP 	text: text = 'BLUE'
35.3360 	EXP 	fixation: autoDraw = True
35.4497 	EXP 	Device response: <KeyPress from None: t=35.323001800000384, value=r, duration=0.11927190000005794>
35.8222 	INFO 	Keyboard events cleared
35.8220 	EXP 	fixation: autoDraw = False
35.8220 	EXP 	text: autoDraw = True
36.4092 	EXP 	Device response: <KeyPress from None: t=36.40374820000034, value=b, duration=None>
36.4095 	EXP 	New trial (rep=8, index=0): <Trial 32 (0 in rep 8) data={'Word': 'BLUE', 'Color': 'red', 'Stimulus_Condition': 'I', 'Correct_Response': 'r', 'thisN': 32, 'thisTrialN': 0, 'thisRepN': 8}>
36.4107 	DATA 	Keypress: b
36.4159 	EXP 	fixation: autoDraw = False
36.4159 	EXP 	text: autoDraw = False
36.4159 	EXP 	text: foreColor = <psychopy.colors.Color: red, alpha=1.0>
36.4159 	EXP 	text: text = 'BLUE'
36.4159 	EXP 	fixation: autoDraw = True
36.4723 	EXP 	Device response: <KeyPress from None: t=36.40374820000034, value=b, duration=0.06331940000018221>
36.9039 	INFO 	Keyboard events cleared
36.9038 	EXP 	fixation: autoDraw = False
36.9038 	EXP 	text: autoDraw = True
37.4880 	EXP 	Device response: <KeyPress from None: t=37.48555889999989, value=r, duration=None>
37.4883 	EXP 	New trial (rep=8, index=1): <Trial 33 (1 in rep 8) data={'Word': 'RED', 'Color': 'red', 'Stimulus_Condition': 'C', 'Correct_Response': 'r', 'thisN': 33, 'thisTrialN': 1, 'thisRepN': 8}>
37.4903 	DATA 	Keypress: r
37.4950 	EXP 	fixation: autoDraw = False
37.4950 	EXP 	text: autoDraw = False
37.4950 	EXP 	text: foreColor = <psychopy.colors.Color: red, alpha=1.0>
37.4950 	EXP 	text: height = np.float64(0.05)
37.4950 	EXP 	text: height = np.float64(0.05)
37.4950 	EXP 	text: height = np.float64(0.05)
37.4950 	EXP 	text: text = 'RED'
37.4950 	EXP 	fixation: autoDraw = True
37.5852 	EXP 	Device response: <KeyPress from None: t=37.48555889999989, value=r, duration=0.09367680000013934>
37.9810 	INFO 	Keyboard events cleared
37.9809 	EXP 	fixation: autoDraw = False
37.9809 	EXP 	text: autoDraw = True
38.4290 	EXP 	Device response: <KeyPress from None: t=38.42313590000049, value=r, duration=None>
38.4293 	EXP 	New trial (rep=8, index=2): <Trial 34 (2 in rep 8) data={'Word': 'RED', 'Color': 'blue', 'Stimulus_Condition': 'I', 'Correct_Response': 'b', 'thisN': 34, 'thisTrialN': 2, 'thisRepN': 8}>
38.4306 	DATA 	Keypress: r
38.4350 	EXP 	fixation: autoDraw = False
38.4350 	EXP 	text: autoDraw = False
38.4350 	EXP 	text: foreColor = <psychopy.colors.Color: blue, alpha=1.0>
38.4350 	EXP 	text: text = 'RED'
38.4350 	EXP 	fixation: autoDraw = True
38.5335 	EXP 	Device response: <KeyPress from None: t=38.42313590000049, value=r, duration=0.10832009999921866>
38.9194 	INFO 	Keyboard events cleared
38.9193 	EXP 	fixation: autoDraw = False
38.9193 	EXP 	text: autoDraw = True
39.3454 	EXP 	Device response: <KeyPress from None: t=39.34238079999977, value=b, duration=None>
39.3457 	EXP 	New trial (rep=8, index=3): <Trial 35 (3 in rep 8) data={'Word': 'BLUE', 'Color': 'blue', 'Stimulus_Condition': 'C', 'Correct_Response': 'b', 'thisN': 35, 'thisTrialN': 3, 'thisRepN': 8}>
39.3478 	DATA 	Keypress: b
39.3520 	EXP 	fixation: autoDraw = False
39.3520 	EXP 	text: autoDraw = False
39.3520 	EXP 	text: foreColor = <psychopy.colors.Color: blue, alpha=1.0>
39.3520 	EXP 	text: height = np.float64(0.05)
39.3520 	EXP 	text: height = np.float64(0.05)
39.3520 	EXP 	text: height = np.float64(0.05)
39.3520 	EXP 	text: text = 'BLUE'
39.3520 	EXP 	fixation: autoDraw = True
39.4287 	EXP 	Device response: <KeyPress from None: t=39.34238079999977, value=b, duration=0.08115520000046672>
39.8400 	INFO 	Keyboard events cleared
39.8399 	EXP 	fixation: autoDraw = False
39.8399 	EXP 	text: autoDraw = True
40.2492 	EXP 	Device response: <KeyPress from None: t=40.24559330000011, value=b, duration=None>
40.2494 	EXP 	New trial (rep=9, index=0): <Trial 36 (0 in rep 9) data={'Word': 'RED', 'Color': 'red', 'Stimulus_Condition': 'C', 'Correct_Response': 'r', 'thisN': 36, 'thisTrialN': 0, 'thisRepN': 9}>
40.2517 	DATA 	Keypress: b
40.2560 	EXP 	fixation: autoDraw = False
40.2560 	EXP 	text: autoDraw = False
40.2560 	EXP 	text: foreColor = <psychopy.colors.Color: red, alpha=1.0>
40.2560 	EXP 	text: height = np.float64(0.05)
40.2560 	EXP 	text: height = np.float64(0.05)
40.2560 	EXP 	text: height = np.float64(0.05)
40.2560 	EXP 	text: text = 'RED'
40.2560 	EXP 	fixation: autoDraw = True
40.3414 	EXP 	Device response: <KeyPress from None: t=40.24559330000011, value=b, duration=0.09539899999981571>
40.7419 	INFO 	Keyboard events cleared
40.7418 	EXP 	fixation: autoDraw = False
40.7418 	EXP 	text: autoDraw = True
41.1857 	EXP 	Device response: <KeyPress from None: t=41.18517789999987, value=r, duration=None>
41.1862 	EXP 	New trial (rep=9, index=1): <Trial 37 (1 in rep 9) data={'Word': 'BLUE', 'Color': 'red', 'Stimulus_Condition': 'I', 'Correct_Response': 'r', 'thisN': 37, 'thisTrialN': 1, 'thisRepN': 9}>
41.1892 	DATA 	Keypress: r
41.1959 	EXP 	fixation: autoDraw = False
41.1959 	EXP 	text: autoDraw = False
41.1959 	EXP 	text: foreColor = <psychopy.colors.Color: red, alpha=1.0>
41.1959 	EXP 	text: height = np.float64(0.05)
41.1959 	EXP 	text: height = np.float64(0.05)
41.1959 	EXP 	text: height = np.float64(0.05)
41.1959 	EXP 	text: text = 'BLUE'
41.1959 	EXP 	fixation: autoDraw = True
41.2936 	EXP 	Device response: <KeyPress from None: t=41.18517789999987, value=r, duration=0.10226550000061252>
41.6787 	INFO 	Keyboard events cleared
41.6785 	EXP 	fixation: autoDraw = False
41.6785 	EXP 	text: autoDraw = True
42.0783 	EXP 	Device response: <KeyPress from None: t=42.07171620000008, value=r, duration=None>
42.0786 	EXP 	New trial (rep=9, index=2): <Trial 38 (2 in rep 9) data={'Word': 'RED', 'Color': 'blue', 'Stimulus_Condition': 'I', 'Correct_Response': 'b', 'thisN': 38, 'thisTrialN': 2, 'thisRepN': 9}>
42.0815 	DATA 	Keypress: r
42.0879 	EXP 	fixation: autoDraw = False
42.0879 	EXP 	text: autoDraw = False
42.0879 	EXP 	text: foreColor = <psychopy.colors.Color: blue, alpha=1.0>
42.0879 	EXP 	text: height = np.float64(0.05)
42.0879 	EXP 	text: height = np.float64(0.05)
42.0879 	EXP 	text: height = np.float64(0.05)
42.0879 	EXP 	text: text = 'RED'
42.0879 	EXP 	fixation: autoDraw = True
42.1733 	EXP 	Device response: <KeyPress from None: t=42.07171620000008, value=r, duration=0.0964683000001969>
42.5720 	INFO 	Keyboard events cleared
42.5719 	EXP 	fixation: autoDraw = False
42.5719 	EXP 	text: autoDraw = True
43.0243 	EXP 	Device response: <KeyPress from None: t=43.01849029999994, value=b, duration=None>
43.0246 	EXP 	New trial (rep=9, index=3): <Trial 39 (3 in rep 9) data={'Word': 'BLUE', 'Color': 'blue', 'Stimulus_Condition': 'C', 'Correct_Response': 'b', 'thisN': 39, 'thisTrialN': 3, 'thisRepN': 9}>
43.0272 	DATA 	Keypress: b
43.0315 	EXP 	fixation: autoDraw = False
43.0315 	EXP 	text: autoDraw = False
43.0315 	EXP 	text: foreColor = <psychopy.colors.Color: blue, alpha=1.0>
43.0315 	EXP 	text: height = np.float64(0.05)
43.0315 	EXP 	text: height = np.float64(0.05)
43.0315 	EXP 	text: height = np.float64(0.05)
43.0315 	EXP 	text: text = 'BLUE'
43.0315 	EXP 	fixation: autoDraw = True
43.0751 	EXP 	Device response: <KeyPress from None: t=43.01849029999994, value=b, duration=0.056068100000629784>
43.5188 	INFO 	Keyboard events cleared
43.5187 	EXP 	fixation: autoDraw = False
43.5187 	EXP 	text: autoDraw = True
43.9790 	EXP 	Device response: <KeyPress from None: t=43.97456130000046, value=b, duration=None>
43.9810 	DATA 	Keypress: b
43.9875 	EXP 	fixation: autoDraw = False
43.9875 	EXP 	text: autoDraw = False
43.9875 	EXP 	text_3: autoDraw = True
44.0550 	EXP 	Device response: <KeyPress from None: t=43.97456130000046, value=b, duration=0.07898719999957393>
44.9812 	EXP 	text_3: autoDraw = False
44.9812 	EXP 	text_3: autoDraw = False
44.9814 	EXP 	StroopTask: status = STOPPED
44.9941 	INFO 	saved data to 'C:\\Users\\Kashish\\OneDrive\\Desktop\\PsychoPY\\data\\subject2_StroopTask_2025-08-25_17h29.59.237.csv'
44.9980 	INFO 	saved data to C:\Users\Kashish\OneDrive\Desktop\PsychoPY\data\subject2_StroopTask_2025-08-25_17h29.59.237.psydat
46.1836 	WARNING 	Stopping key buffers but this could be dangerous ifother keyboards rely on the same.
