188.3170 	INFO 	Loaded monitor calibration from ['2025_08_12 09:41']
188.3437 	WARNING 	User requested fullscreen with size [1024  768], but screen is actually [1920, 1080]. Using actual size
188.7046 	INFO 	Using renderer 'AMD Radeon(TM) Graphics' for graphics
188.7046 	INFO 	OpenGL version supported by driver is 4..
188.7549 	EXP 	Created window1 = Window(allowGUI=False, allowStencil=False, autoLog=True, backendConf=UNKNOWN, backgroundFit=<method-wrapper '__getattribute__' of attributeSetter object at 0x0000014B47A09F00>, backgroundImage=<method-wrapper '__getattribute__' of attributeSetter object at 0x0000014B47A09F90>, bitsMode=UNKNOWN, blendMode='avg', bpc=(8, 8, 8), color=array([0, 0, 0]), colorSpace='rgb', depthBits=8, fullscr=True, gamma=None, gammaErrorPolicy='raise', infoMsg=UNKNOWN, lms=UNKNOWN, monitor=<psychopy.monitors.calibTools.Monitor object at 0x0000014B4744F4C0>, multiSample=False, name='window1', numSamples=2, pos=[np.float64(0.0), np.float64(0.0)], screen=0, size=array([1920, 1080]), stencilBits=0, stereo=False, title='PsychoPy', units='height', useFBO=True, useRetina=False, viewOri=0.0, viewPos=None, viewScale=None, waitBlanking=True, winType='pyglet')
188.7550 	EXP 	window1: backgroundImage = ''
188.7550 	EXP 	window1: backgroundFit = 'none'
189.1817 	EXP 	window1: Attempting to measure frame rate of screen (0) ...
189.1818 	EXP 	window1: recordFrameIntervals = False
189.9603 	EXP 	window1: recordFrameIntervals = True
190.1140 	EXP 	Screen (0) actual frame rate measured at 71.54Hz
190.1141 	EXP 	window1: recordFrameIntervals = False
190.1690 	INFO 	keyboard.Keyboard is using ptb backend.
190.1691 	EXP 	StroopTask: status = STARTED
190.2772 	EXP 	Created text_2 = TextStim(__class__=<class 'psychopy.visual.text.TextStim'>, alignHoriz=method-wrapper(...), alignText='center', alignVert=method-wrapper(...), anchorHoriz='center', anchorVert='center', antialias=True, autoDraw=False, autoLog=True, bold=False, color=array([1., 1., 1.]), colorSpace='rgb', contrast=1.0, depth=0.0, draggable=False, flipHoriz=False, flipVert=False, font='Arial', fontFiles=[], height=np.float64(0.05), italic=False, languageStyle='LTR', name='text_2', opacity=1, ori=0.0, pos=array([0., 0.]), rgb=UNKNOWN, text='Welcome!', units='height', win=Window(...), wrapWidth=1)
190.2849 	EXP 	Created fixation = ShapeStim(__class__=<class 'psychopy.visual.shape.ShapeStim'>, anchor=('center', 'center'), autoDraw=False, autoLog=True, closeShape=True, color=method-wrapper(...), colorSpace='rgb', contrast=None, depth=0.0, draggable=False, fillColor=array([1, 1, 1]), fillColorSpace='rgb', fillRGB=array([1, 1, 1]), interpolate=True, lineColor=array([1., 1., 1.]), lineColorSpace='rgb', lineRGB=array([1, 1, 1]), lineWidth=1.0, name='fixation', opacity=1, ori=0.0, pos=array([0., 0.]), size=array([10., 10.]), units='pix', vertices=ndarray(...), win=Window(...), windingRule=None)
190.2860 	EXP 	Created text = TextStim(__class__=<class 'psychopy.visual.text.TextStim'>, alignHoriz=method-wrapper(...), alignText='center', alignVert=method-wrapper(...), anchorHoriz='center', anchorVert='center', antialias=True, autoDraw=False, autoLog=True, bold=False, color=array([1., 1., 1.]), colorSpace='rgb', contrast=1.0, depth=-1.0, draggable=False, flipHoriz=False, flipVert=False, font='Arial', fontFiles=[], height=0.05, italic=False, languageStyle='LTR', name='text', opacity=1, ori=0.0, pos=array([0., 0.]), rgb=UNKNOWN, text='', units='height', win=Window(...), wrapWidth=1)
190.2924 	EXP 	Created text_3 = TextStim(__class__=<class 'psychopy.visual.text.TextStim'>, alignHoriz=method-wrapper(...), alignText='center', alignVert=method-wrapper(...), anchorHoriz='center', anchorVert='center', antialias=True, autoDraw=False, autoLog=True, bold=False, color=array([1., 1., 1.]), colorSpace='rgb', contrast=1.0, depth=0.0, draggable=False, flipHoriz=False, flipVert=False, font='Arial', fontFiles=[], height=np.float64(0.05), italic=False, languageStyle='LTR', name='text_3', opacity=1, ori=0.0, pos=array([0., 0.]), rgb=UNKNOWN, text='Thankyou!!!!!', units='height', win=Window(...), wrapWidth=1)
0.0218 	EXP 	text_2: autoDraw = True
1.0097 	EXP 	Imported C:/Users/Kashish/Downloads/StroopTask.xlsx as conditions, 4 conditions, 4 params
1.0103 	EXP 	New trial (rep=0, index=0): <Trial 0 (0 in rep 0) data={'Word': 'RED', 'Color': 'blue', 'Stimulus_Condition': 'I', 'Correct_Response': 'b', 'thisN': 0, 'thisTrialN': 0, 'thisRepN': 0}>
1.0240 	EXP 	text_2: autoDraw = False
1.0240 	EXP 	text: foreColor = <psychopy.colors.Color: blue, alpha=1.0>
1.0240 	EXP 	text: height = np.float64(0.05)
1.0240 	EXP 	text: height = np.float64(0.05)
1.0240 	EXP 	text: height = np.float64(0.05)
1.0240 	EXP 	text: text = 'RED'
1.0240 	EXP 	fixation: autoDraw = True
1.4935 	INFO 	Keyboard events cleared
1.4934 	EXP 	fixation: autoDraw = False
1.4934 	EXP 	text: autoDraw = True
3.2535 	DATA 	Keypress: b
3.2649 	EXP 	Device response: <KeyPress from None: t=3.252028099999734, value=b, duration=None>
3.2651 	EXP 	New trial (rep=0, index=1): <Trial 1 (1 in rep 0) data={'Word': 'BLUE', 'Color': 'red', 'Stimulus_Condition': 'I', 'Correct_Response': 'r', 'thisN': 1, 'thisTrialN': 1, 'thisRepN': 0}>
3.2780 	EXP 	fixation: autoDraw = False
3.2780 	EXP 	text: autoDraw = False
3.2780 	EXP 	text: foreColor = <psychopy.colors.Color: red, alpha=1.0>
3.2780 	EXP 	text: height = np.float64(0.05)
3.2780 	EXP 	text: height = np.float64(0.05)
3.2780 	EXP 	text: height = np.float64(0.05)
3.2780 	EXP 	text: text = 'BLUE'
3.2780 	EXP 	fixation: autoDraw = True
3.3281 	EXP 	Device response: <KeyPress from None: t=3.252028099999734, value=b, duration=0.06812660000014148>
3.7583 	INFO 	Keyboard events cleared
3.7581 	EXP 	fixation: autoDraw = False
3.7581 	EXP 	text: autoDraw = True
4.2848 	EXP 	Device response: <KeyPress from None: t=4.28203190000022, value=r, duration=None>
4.2852 	EXP 	New trial (rep=0, index=2): <Trial 2 (2 in rep 0) data={'Word': 'RED', 'Color': 'red', 'Stimulus_Condition': 'C', 'Correct_Response': 'r', 'thisN': 2, 'thisTrialN': 2, 'thisRepN': 0}>
4.2880 	DATA 	Keypress: r
4.2926 	EXP 	fixation: autoDraw = False
4.2926 	EXP 	text: autoDraw = False
4.2926 	EXP 	text: foreColor = <psychopy.colors.Color: red, alpha=1.0>
4.2926 	EXP 	text: height = np.float64(0.05)
4.2926 	EXP 	text: height = np.float64(0.05)
4.2926 	EXP 	text: height = np.float64(0.05)
4.2926 	EXP 	text: text = 'RED'
4.2926 	EXP 	fixation: autoDraw = True
4.3711 	EXP 	Device response: <KeyPress from None: t=4.28203190000022, value=r, duration=0.08328259999962029>
4.7788 	INFO 	Keyboard events cleared
4.7787 	EXP 	fixation: autoDraw = False
4.7787 	EXP 	text: autoDraw = True
5.2911 	EXP 	Device response: <KeyPress from None: t=5.286673499999779, value=r, duration=None>
5.2914 	EXP 	New trial (rep=0, index=3): <Trial 3 (3 in rep 0) data={'Word': 'BLUE', 'Color': 'blue', 'Stimulus_Condition': 'C', 'Correct_Response': 'b', 'thisN': 3, 'thisTrialN': 3, 'thisRepN': 0}>
5.2938 	DATA 	Keypress: r
5.3001 	EXP 	fixation: autoDraw = False
5.3001 	EXP 	text: autoDraw = False
5.3001 	EXP 	text: foreColor = <psychopy.colors.Color: blue, alpha=1.0>
5.3001 	EXP 	text: height = np.float64(0.05)
5.3001 	EXP 	text: height = np.float64(0.05)
5.3001 	EXP 	text: height = np.float64(0.05)
5.3001 	EXP 	text: text = 'BLUE'
5.3001 	EXP 	fixation: autoDraw = True
5.3722 	EXP 	Device response: <KeyPress from None: t=5.286673499999779, value=r, duration=0.07755919999999605>
5.7802 	INFO 	Keyboard events cleared
5.7801 	EXP 	fixation: autoDraw = False
5.7801 	EXP 	text: autoDraw = True
6.1558 	EXP 	Device response: <KeyPress from None: t=6.149083499999506, value=b, duration=None>
6.1561 	EXP 	New trial (rep=1, index=0): <Trial 4 (0 in rep 1) data={'Word': 'RED', 'Color': 'blue', 'Stimulus_Condition': 'I', 'Correct_Response': 'b', 'thisN': 4, 'thisTrialN': 0, 'thisRepN': 1}>
6.1588 	DATA 	Keypress: b
6.1657 	EXP 	fixation: autoDraw = False
6.1657 	EXP 	text: autoDraw = False
6.1657 	EXP 	text: foreColor = <psychopy.colors.Color: blue, alpha=1.0>
6.1657 	EXP 	text: height = np.float64(0.05)
6.1657 	EXP 	text: height = np.float64(0.05)
6.1657 	EXP 	text: height = np.float64(0.05)
6.1657 	EXP 	text: text = 'RED'
6.1657 	EXP 	fixation: autoDraw = True
6.2309 	EXP 	Device response: <KeyPress from None: t=6.149083499999506, value=b, duration=0.07837620000009338>
6.6505 	INFO 	Keyboard events cleared
6.6503 	EXP 	fixation: autoDraw = False
6.6503 	EXP 	text: autoDraw = True
8.0367 	EXP 	Device response: <KeyPress from None: t=8.034903799999483, value=b, duration=None>
8.0368 	EXP 	New trial (rep=1, index=1): <Trial 5 (1 in rep 1) data={'Word': 'BLUE', 'Color': 'red', 'Stimulus_Condition': 'I', 'Correct_Response': 'r', 'thisN': 5, 'thisTrialN': 1, 'thisRepN': 1}>
8.0387 	DATA 	Keypress: b
8.0436 	EXP 	fixation: autoDraw = False
8.0436 	EXP 	text: autoDraw = False
8.0436 	EXP 	text: foreColor = <psychopy.colors.Color: red, alpha=1.0>
8.0436 	EXP 	text: height = np.float64(0.05)
8.0436 	EXP 	text: height = np.float64(0.05)
8.0436 	EXP 	text: height = np.float64(0.05)
8.0436 	EXP 	text: text = 'BLUE'
8.0436 	EXP 	fixation: autoDraw = True
8.1374 	EXP 	Device response: <KeyPress from None: t=8.034903799999483, value=b, duration=0.10024090000024444>
8.5335 	INFO 	Keyboard events cleared
8.5333 	EXP 	fixation: autoDraw = False
8.5333 	EXP 	text: autoDraw = True
8.9072 	EXP 	Device response: <KeyPress from None: t=8.90549689999989, value=r, duration=None>
8.9075 	EXP 	New trial (rep=1, index=2): <Trial 6 (2 in rep 1) data={'Word': 'BLUE', 'Color': 'blue', 'Stimulus_Condition': 'C', 'Correct_Response': 'b', 'thisN': 6, 'thisTrialN': 2, 'thisRepN': 1}>
8.9088 	DATA 	Keypress: r
8.9131 	EXP 	fixation: autoDraw = False
8.9131 	EXP 	text: autoDraw = False
8.9131 	EXP 	text: foreColor = <psychopy.colors.Color: blue, alpha=1.0>
8.9131 	EXP 	text: text = 'BLUE'
8.9131 	EXP 	fixation: autoDraw = True
8.9778 	EXP 	Device response: <KeyPress from None: t=8.90549689999989, value=r, duration=0.0679362000000765>
9.3989 	INFO 	Keyboard events cleared
9.3988 	EXP 	fixation: autoDraw = False
9.3988 	EXP 	text: autoDraw = True
9.9477 	EXP 	Device response: <KeyPress from None: t=9.941047199999957, value=b, duration=None>
9.9480 	EXP 	New trial (rep=1, index=3): <Trial 7 (3 in rep 1) data={'Word': 'RED', 'Color': 'red', 'Stimulus_Condition': 'C', 'Correct_Response': 'r', 'thisN': 7, 'thisTrialN': 3, 'thisRepN': 1}>
9.9511 	DATA 	Keypress: b
9.9577 	EXP 	fixation: autoDraw = False
9.9577 	EXP 	text: autoDraw = False
9.9577 	EXP 	text: foreColor = <psychopy.colors.Color: red, alpha=1.0>
9.9577 	EXP 	text: height = np.float64(0.05)
9.9577 	EXP 	text: height = np.float64(0.05)
9.9577 	EXP 	text: height = np.float64(0.05)
9.9577 	EXP 	text: text = 'RED'
9.9577 	EXP 	fixation: autoDraw = True
10.0281 	EXP 	Device response: <KeyPress from None: t=9.941047199999957, value=b, duration=0.08291089999966061>
10.4406 	INFO 	Keyboard events cleared
10.4405 	EXP 	fixation: autoDraw = False
10.4405 	EXP 	text: autoDraw = True
10.7931 	EXP 	Device response: <KeyPress from None: t=10.787215499999547, value=r, duration=None>
10.7935 	EXP 	New trial (rep=2, index=0): <Trial 8 (0 in rep 2) data={'Word': 'BLUE', 'Color': 'blue', 'Stimulus_Condition': 'C', 'Correct_Response': 'b', 'thisN': 8, 'thisTrialN': 0, 'thisRepN': 2}>
10.7960 	DATA 	Keypress: r
10.8020 	EXP 	fixation: autoDraw = False
10.8020 	EXP 	text: autoDraw = False
10.8020 	EXP 	text: foreColor = <psychopy.colors.Color: blue, alpha=1.0>
10.8020 	EXP 	text: height = np.float64(0.05)
10.8020 	EXP 	text: height = np.float64(0.05)
10.8020 	EXP 	text: height = np.float64(0.05)
10.8020 	EXP 	text: text = 'BLUE'
10.8020 	EXP 	fixation: autoDraw = True
10.8577 	EXP 	Device response: <KeyPress from None: t=10.787215499999547, value=r, duration=0.06686200000058307>
11.2881 	INFO 	Keyboard events cleared
11.2880 	EXP 	fixation: autoDraw = False
11.2880 	EXP 	text: autoDraw = True
12.0589 	EXP 	Device response: <KeyPress from None: t=12.05667960000028, value=b, duration=None>
12.0591 	EXP 	New trial (rep=2, index=1): <Trial 9 (1 in rep 2) data={'Word': 'BLUE', 'Color': 'red', 'Stimulus_Condition': 'I', 'Correct_Response': 'r', 'thisN': 9, 'thisTrialN': 1, 'thisRepN': 2}>
12.0599 	DATA 	Keypress: b
12.0657 	EXP 	fixation: autoDraw = False
12.0657 	EXP 	text: autoDraw = False
12.0657 	EXP 	text: foreColor = <psychopy.colors.Color: red, alpha=1.0>
12.0657 	EXP 	text: text = 'BLUE'
12.0657 	EXP 	fixation: autoDraw = True
12.1357 	EXP 	Device response: <KeyPress from None: t=12.05667960000028, value=b, duration=0.07357519999914075>
12.5539 	INFO 	Keyboard events cleared
12.5538 	EXP 	fixation: autoDraw = False
12.5538 	EXP 	text: autoDraw = True
13.4598 	EXP 	Device response: <KeyPress from None: t=13.45512890000009, value=r, duration=None>
13.4600 	EXP 	New trial (rep=2, index=2): <Trial 10 (2 in rep 2) data={'Word': 'RED', 'Color': 'blue', 'Stimulus_Condition': 'I', 'Correct_Response': 'b', 'thisN': 10, 'thisTrialN': 2, 'thisRepN': 2}>
13.4623 	DATA 	Keypress: r
13.4661 	EXP 	fixation: autoDraw = False
13.4661 	EXP 	text: autoDraw = False
13.4661 	EXP 	text: foreColor = <psychopy.colors.Color: blue, alpha=1.0>
13.4661 	EXP 	text: height = np.float64(0.05)
13.4661 	EXP 	text: height = np.float64(0.05)
13.4661 	EXP 	text: height = np.float64(0.05)
13.4661 	EXP 	text: text = 'RED'
13.4661 	EXP 	fixation: autoDraw = True
13.5438 	EXP 	Device response: <KeyPress from None: t=13.45512890000009, value=r, duration=0.08232589999988704>
13.9508 	INFO 	Keyboard events cleared
13.9507 	EXP 	fixation: autoDraw = False
13.9507 	EXP 	text: autoDraw = True
14.9370 	DATA 	Keypress: b
14.9436 	EXP 	Device response: <KeyPress from None: t=14.936489799999435, value=b, duration=None>
14.9439 	EXP 	New trial (rep=2, index=3): <Trial 11 (3 in rep 2) data={'Word': 'RED', 'Color': 'red', 'Stimulus_Condition': 'C', 'Correct_Response': 'r', 'thisN': 11, 'thisTrialN': 3, 'thisRepN': 2}>
14.9513 	EXP 	fixation: autoDraw = False
14.9513 	EXP 	text: autoDraw = False
14.9513 	EXP 	text: foreColor = <psychopy.colors.Color: red, alpha=1.0>
14.9513 	EXP 	text: text = 'RED'
14.9513 	EXP 	fixation: autoDraw = True
15.0237 	EXP 	Device response: <KeyPress from None: t=14.936489799999435, value=b, duration=0.08056530000067141>
15.4375 	INFO 	Keyboard events cleared
15.4374 	EXP 	fixation: autoDraw = False
15.4374 	EXP 	text: autoDraw = True
15.8945 	EXP 	Device response: <KeyPress from None: t=15.890845199999603, value=r, duration=None>
15.8947 	EXP 	New trial (rep=3, index=0): <Trial 12 (0 in rep 3) data={'Word': 'BLUE', 'Color': 'red', 'Stimulus_Condition': 'I', 'Correct_Response': 'r', 'thisN': 12, 'thisTrialN': 0, 'thisRepN': 3}>
15.8971 	DATA 	Keypress: r
15.9008 	EXP 	fixation: autoDraw = False
15.9008 	EXP 	text: autoDraw = False
15.9008 	EXP 	text: foreColor = <psychopy.colors.Color: red, alpha=1.0>
15.9008 	EXP 	text: height = np.float64(0.05)
15.9008 	EXP 	text: height = np.float64(0.05)
15.9008 	EXP 	text: height = np.float64(0.05)
15.9008 	EXP 	text: text = 'BLUE'
15.9008 	EXP 	fixation: autoDraw = True
15.9639 	EXP 	Device response: <KeyPress from None: t=15.890845199999603, value=r, duration=0.07196050000038667>
16.3933 	INFO 	Keyboard events cleared
16.3932 	EXP 	fixation: autoDraw = False
16.3932 	EXP 	text: autoDraw = True
16.8143 	EXP 	Device response: <KeyPress from None: t=16.808874499999547, value=r, duration=None>
16.8147 	EXP 	New trial (rep=3, index=1): <Trial 13 (1 in rep 3) data={'Word': 'RED', 'Color': 'red', 'Stimulus_Condition': 'C', 'Correct_Response': 'r', 'thisN': 13, 'thisTrialN': 1, 'thisRepN': 3}>
16.8176 	DATA 	Keypress: r
16.8233 	EXP 	fixation: autoDraw = False
16.8233 	EXP 	text: autoDraw = False
16.8233 	EXP 	text: foreColor = <psychopy.colors.Color: red, alpha=1.0>
16.8233 	EXP 	text: height = np.float64(0.05)
16.8233 	EXP 	text: height = np.float64(0.05)
16.8233 	EXP 	text: height = np.float64(0.05)
16.8233 	EXP 	text: text = 'RED'
16.8233 	EXP 	fixation: autoDraw = True
16.8891 	EXP 	Device response: <KeyPress from None: t=16.808874499999547, value=r, duration=0.07277380000050471>
17.3060 	INFO 	Keyboard events cleared
17.3058 	EXP 	fixation: autoDraw = False
17.3058 	EXP 	text: autoDraw = True
17.6613 	EXP 	Device response: <KeyPress from None: t=17.660944799999925, value=r, duration=None>
17.6615 	EXP 	New trial (rep=3, index=2): <Trial 14 (2 in rep 3) data={'Word': 'BLUE', 'Color': 'blue', 'Stimulus_Condition': 'C', 'Correct_Response': 'b', 'thisN': 14, 'thisTrialN': 2, 'thisRepN': 3}>
17.6640 	DATA 	Keypress: r
17.6700 	EXP 	fixation: autoDraw = False
17.6700 	EXP 	text: autoDraw = False
17.6700 	EXP 	text: foreColor = <psychopy.colors.Color: blue, alpha=1.0>
17.6700 	EXP 	text: height = np.float64(0.05)
17.6700 	EXP 	text: height = np.float64(0.05)
17.6700 	EXP 	text: height = np.float64(0.05)
17.6700 	EXP 	text: text = 'BLUE'
17.6700 	EXP 	fixation: autoDraw = True
17.7426 	EXP 	Device response: <KeyPress from None: t=17.660944799999925, value=r, duration=0.07752460000028805>
18.1533 	INFO 	Keyboard events cleared
18.1532 	EXP 	fixation: autoDraw = False
18.1532 	EXP 	text: autoDraw = True
18.4599 	DATA 	Keypress: b
18.4657 	EXP 	Device response: <KeyPress from None: t=18.458785499999976, value=b, duration=None>
18.4661 	EXP 	New trial (rep=3, index=3): <Trial 15 (3 in rep 3) data={'Word': 'RED', 'Color': 'blue', 'Stimulus_Condition': 'I', 'Correct_Response': 'b', 'thisN': 15, 'thisTrialN': 3, 'thisRepN': 3}>
18.4729 	EXP 	fixation: autoDraw = False
18.4729 	EXP 	text: autoDraw = False
18.4729 	EXP 	text: foreColor = <psychopy.colors.Color: blue, alpha=1.0>
18.4729 	EXP 	text: height = np.float64(0.05)
18.4729 	EXP 	text: height = np.float64(0.05)
18.4729 	EXP 	text: height = np.float64(0.05)
18.4729 	EXP 	text: text = 'RED'
18.4729 	EXP 	fixation: autoDraw = True
18.5429 	EXP 	Device response: <KeyPress from None: t=18.458785499999976, value=b, duration=0.08312049999949522>
18.9598 	INFO 	Keyboard events cleared
18.9597 	EXP 	fixation: autoDraw = False
18.9597 	EXP 	text: autoDraw = True
19.2590 	DATA 	Keypress: b
19.2656 	EXP 	Device response: <KeyPress from None: t=19.258349099999577, value=b, duration=None>
19.2659 	EXP 	New trial (rep=4, index=0): <Trial 16 (0 in rep 4) data={'Word': 'BLUE', 'Color': 'red', 'Stimulus_Condition': 'I', 'Correct_Response': 'r', 'thisN': 16, 'thisTrialN': 0, 'thisRepN': 4}>
19.2721 	EXP 	fixation: autoDraw = False
19.2721 	EXP 	text: autoDraw = False
19.2721 	EXP 	text: foreColor = <psychopy.colors.Color: red, alpha=1.0>
19.2721 	EXP 	text: height = np.float64(0.05)
19.2721 	EXP 	text: height = np.float64(0.05)
19.2721 	EXP 	text: height = np.float64(0.05)
19.2721 	EXP 	text: text = 'BLUE'
19.2721 	EXP 	fixation: autoDraw = True
19.3360 	EXP 	Device response: <KeyPress from None: t=19.258349099999577, value=b, duration=0.07223090000024968>
19.7595 	INFO 	Keyboard events cleared
19.7594 	EXP 	fixation: autoDraw = False
19.7594 	EXP 	text: autoDraw = True
20.2315 	EXP 	Device response: <KeyPress from None: t=20.229389000000083, value=r, duration=None>
20.2318 	EXP 	New trial (rep=4, index=1): <Trial 17 (1 in rep 4) data={'Word': 'BLUE', 'Color': 'blue', 'Stimulus_Condition': 'C', 'Correct_Response': 'b', 'thisN': 17, 'thisTrialN': 1, 'thisRepN': 4}>
20.2328 	DATA 	Keypress: r
20.2400 	EXP 	fixation: autoDraw = False
20.2400 	EXP 	text: autoDraw = False
20.2400 	EXP 	text: foreColor = <psychopy.colors.Color: blue, alpha=1.0>
20.2400 	EXP 	text: text = 'BLUE'
20.2400 	EXP 	fixation: autoDraw = True
20.3048 	EXP 	Device response: <KeyPress from None: t=20.229389000000083, value=r, duration=0.07495119999930466>
20.7244 	INFO 	Keyboard events cleared
20.7243 	EXP 	fixation: autoDraw = False
20.7243 	EXP 	text: autoDraw = True
21.2216 	EXP 	Device response: <KeyPress from None: t=21.220890800000234, value=b, duration=None>
21.2217 	EXP 	New trial (rep=4, index=2): <Trial 18 (2 in rep 4) data={'Word': 'RED', 'Color': 'blue', 'Stimulus_Condition': 'I', 'Correct_Response': 'b', 'thisN': 18, 'thisTrialN': 2, 'thisRepN': 4}>
21.2237 	DATA 	Keypress: b
21.2276 	EXP 	fixation: autoDraw = False
21.2276 	EXP 	text: autoDraw = False
21.2276 	EXP 	text: foreColor = <psychopy.colors.Color: blue, alpha=1.0>
21.2276 	EXP 	text: height = np.float64(0.05)
21.2276 	EXP 	text: height = np.float64(0.05)
21.2276 	EXP 	text: height = np.float64(0.05)
21.2276 	EXP 	text: text = 'RED'
21.2276 	EXP 	fixation: autoDraw = True
21.3068 	EXP 	Device response: <KeyPress from None: t=21.220890800000234, value=b, duration=0.0826428999998825>
21.7162 	INFO 	Keyboard events cleared
21.7161 	EXP 	fixation: autoDraw = False
21.7161 	EXP 	text: autoDraw = True
22.1062 	EXP 	Device response: <KeyPress from None: t=22.100604199999907, value=b, duration=None>
22.1066 	EXP 	New trial (rep=4, index=3): <Trial 19 (3 in rep 4) data={'Word': 'RED', 'Color': 'red', 'Stimulus_Condition': 'C', 'Correct_Response': 'r', 'thisN': 19, 'thisTrialN': 3, 'thisRepN': 4}>
22.1080 	DATA 	Keypress: b
22.1144 	EXP 	fixation: autoDraw = False
22.1144 	EXP 	text: autoDraw = False
22.1144 	EXP 	text: foreColor = <psychopy.colors.Color: red, alpha=1.0>
22.1144 	EXP 	text: text = 'RED'
22.1144 	EXP 	fixation: autoDraw = True
22.2089 	EXP 	Device response: <KeyPress from None: t=22.100604199999907, value=b, duration=0.10318519999964337>
22.6001 	INFO 	Keyboard events cleared
22.6000 	EXP 	fixation: autoDraw = False
22.6000 	EXP 	text: autoDraw = True
22.9649 	EXP 	Device response: <KeyPress from None: t=22.964437499999804, value=r, duration=None>
22.9652 	EXP 	New trial (rep=5, index=0): <Trial 20 (0 in rep 5) data={'Word': 'BLUE', 'Color': 'blue', 'Stimulus_Condition': 'C', 'Correct_Response': 'b', 'thisN': 20, 'thisTrialN': 0, 'thisRepN': 5}>
22.9688 	DATA 	Keypress: r
22.9728 	EXP 	fixation: autoDraw = False
22.9728 	EXP 	text: autoDraw = False
22.9728 	EXP 	text: foreColor = <psychopy.colors.Color: blue, alpha=1.0>
22.9728 	EXP 	text: height = np.float64(0.05)
22.9728 	EXP 	text: height = np.float64(0.05)
22.9728 	EXP 	text: height = np.float64(0.05)
22.9728 	EXP 	text: text = 'BLUE'
22.9728 	EXP 	fixation: autoDraw = True
23.0861 	EXP 	Device response: <KeyPress from None: t=22.964437499999804, value=r, duration=0.11899739999989833>
23.4596 	INFO 	Keyboard events cleared
23.4595 	EXP 	fixation: autoDraw = False
23.4595 	EXP 	text: autoDraw = True
23.8220 	EXP 	Device response: <KeyPress from None: t=23.8167698999996, value=b, duration=None>
23.8221 	EXP 	New trial (rep=5, index=1): <Trial 21 (1 in rep 5) data={'Word': 'BLUE', 'Color': 'red', 'Stimulus_Condition': 'I', 'Correct_Response': 'r', 'thisN': 21, 'thisTrialN': 1, 'thisRepN': 5}>
23.8229 	DATA 	Keypress: b
23.8286 	EXP 	fixation: autoDraw = False
23.8286 	EXP 	text: autoDraw = False
23.8286 	EXP 	text: foreColor = <psychopy.colors.Color: red, alpha=1.0>
23.8286 	EXP 	text: text = 'BLUE'
23.8286 	EXP 	fixation: autoDraw = True
23.9219 	EXP 	Device response: <KeyPress from None: t=23.8167698999996, value=b, duration=0.09748769999987417>
24.3162 	INFO 	Keyboard events cleared
24.3161 	EXP 	fixation: autoDraw = False
24.3161 	EXP 	text: autoDraw = True
24.6058 	EXP 	Device response: <KeyPress from None: t=24.603169199999684, value=r, duration=None>
24.6061 	EXP 	New trial (rep=5, index=2): <Trial 22 (2 in rep 5) data={'Word': 'RED', 'Color': 'blue', 'Stimulus_Condition': 'I', 'Correct_Response': 'b', 'thisN': 22, 'thisTrialN': 2, 'thisRepN': 5}>
24.6082 	DATA 	Keypress: r
24.6122 	EXP 	fixation: autoDraw = False
24.6122 	EXP 	text: autoDraw = False
24.6122 	EXP 	text: foreColor = <psychopy.colors.Color: blue, alpha=1.0>
24.6122 	EXP 	text: height = np.float64(0.05)
24.6122 	EXP 	text: height = np.float64(0.05)
24.6122 	EXP 	text: height = np.float64(0.05)
24.6122 	EXP 	text: text = 'RED'
24.6122 	EXP 	fixation: autoDraw = True
24.7168 	EXP 	Device response: <KeyPress from None: t=24.603169199999684, value=r, duration=0.10922370000025694>
25.0975 	INFO 	Keyboard events cleared
25.0975 	EXP 	fixation: autoDraw = False
25.0975 	EXP 	text: autoDraw = True
25.4272 	EXP 	Device response: <KeyPress from None: t=25.422378399999616, value=b, duration=None>
25.4275 	EXP 	New trial (rep=5, index=3): <Trial 23 (3 in rep 5) data={'Word': 'RED', 'Color': 'red', 'Stimulus_Condition': 'C', 'Correct_Response': 'r', 'thisN': 23, 'thisTrialN': 3, 'thisRepN': 5}>
25.4284 	DATA 	Keypress: b
25.4335 	EXP 	fixation: autoDraw = False
25.4335 	EXP 	text: autoDraw = False
25.4335 	EXP 	text: foreColor = <psychopy.colors.Color: red, alpha=1.0>
25.4335 	EXP 	text: text = 'RED'
25.4335 	EXP 	fixation: autoDraw = True
25.5049 	EXP 	Device response: <KeyPress from None: t=25.422378399999616, value=b, duration=0.07472560000041994>
25.9192 	INFO 	Keyboard events cleared
25.9190 	EXP 	fixation: autoDraw = False
25.9190 	EXP 	text: autoDraw = True
26.4002 	EXP 	Device response: <KeyPress from None: t=26.396004999999604, value=r, duration=None>
26.4004 	EXP 	New trial (rep=6, index=0): <Trial 24 (0 in rep 6) data={'Word': 'BLUE', 'Color': 'blue', 'Stimulus_Condition': 'C', 'Correct_Response': 'b', 'thisN': 24, 'thisTrialN': 0, 'thisRepN': 6}>
26.4030 	DATA 	Keypress: r
26.4069 	EXP 	fixation: autoDraw = False
26.4069 	EXP 	text: autoDraw = False
26.4069 	EXP 	text: foreColor = <psychopy.colors.Color: blue, alpha=1.0>
26.4069 	EXP 	text: height = np.float64(0.05)
26.4069 	EXP 	text: height = np.float64(0.05)
26.4069 	EXP 	text: height = np.float64(0.05)
26.4069 	EXP 	text: text = 'BLUE'
26.4069 	EXP 	fixation: autoDraw = True
26.5142 	EXP 	Device response: <KeyPress from None: t=26.396004999999604, value=r, duration=0.11552519999986544>
26.8926 	INFO 	Keyboard events cleared
26.8925 	EXP 	fixation: autoDraw = False
26.8925 	EXP 	text: autoDraw = True
27.2445 	DATA 	Keypress: b
27.2511 	EXP 	Device response: <KeyPress from None: t=27.243304999999964, value=b, duration=None>
27.2515 	EXP 	New trial (rep=6, index=1): <Trial 25 (1 in rep 6) data={'Word': 'RED', 'Color': 'red', 'Stimulus_Condition': 'C', 'Correct_Response': 'r', 'thisN': 25, 'thisTrialN': 1, 'thisRepN': 6}>
27.2607 	EXP 	fixation: autoDraw = False
27.2607 	EXP 	text: autoDraw = False
27.2607 	EXP 	text: foreColor = <psychopy.colors.Color: red, alpha=1.0>
27.2607 	EXP 	text: height = np.float64(0.05)
27.2607 	EXP 	text: height = np.float64(0.05)
27.2607 	EXP 	text: height = np.float64(0.05)
27.2607 	EXP 	text: text = 'RED'
27.2607 	EXP 	fixation: autoDraw = True
27.3186 	EXP 	Device response: <KeyPress from None: t=27.243304999999964, value=b, duration=0.07245590000002267>
27.7436 	INFO 	Keyboard events cleared
27.7435 	EXP 	fixation: autoDraw = False
27.7435 	EXP 	text: autoDraw = True
28.2264 	EXP 	Device response: <KeyPress from None: t=28.221160000000054, value=r, duration=None>
28.2266 	EXP 	New trial (rep=6, index=2): <Trial 26 (2 in rep 6) data={'Word': 'BLUE', 'Color': 'red', 'Stimulus_Condition': 'I', 'Correct_Response': 'r', 'thisN': 26, 'thisTrialN': 2, 'thisRepN': 6}>
28.2297 	DATA 	Keypress: r
28.2336 	EXP 	fixation: autoDraw = False
28.2336 	EXP 	text: autoDraw = False
28.2336 	EXP 	text: foreColor = <psychopy.colors.Color: red, alpha=1.0>
28.2336 	EXP 	text: height = np.float64(0.05)
28.2336 	EXP 	text: height = np.float64(0.05)
28.2336 	EXP 	text: height = np.float64(0.05)
28.2336 	EXP 	text: text = 'BLUE'
28.2336 	EXP 	fixation: autoDraw = True
28.3185 	EXP 	Device response: <KeyPress from None: t=28.221160000000054, value=r, duration=0.09254220000002533>
28.7186 	INFO 	Keyboard events cleared
28.7185 	EXP 	fixation: autoDraw = False
28.7185 	EXP 	text: autoDraw = True
29.0249 	EXP 	Device response: <KeyPress from None: t=29.024453399999402, value=r, duration=None>
29.0251 	EXP 	New trial (rep=6, index=3): <Trial 27 (3 in rep 6) data={'Word': 'RED', 'Color': 'blue', 'Stimulus_Condition': 'I', 'Correct_Response': 'b', 'thisN': 27, 'thisTrialN': 3, 'thisRepN': 6}>
29.0271 	DATA 	Keypress: r
29.0313 	EXP 	fixation: autoDraw = False
29.0313 	EXP 	text: autoDraw = False
29.0313 	EXP 	text: foreColor = <psychopy.colors.Color: blue, alpha=1.0>
29.0313 	EXP 	text: height = np.float64(0.05)
29.0313 	EXP 	text: height = np.float64(0.05)
29.0313 	EXP 	text: height = np.float64(0.05)
29.0313 	EXP 	text: text = 'RED'
29.0313 	EXP 	fixation: autoDraw = True
29.1584 	EXP 	Device response: <KeyPress from None: t=29.024453399999402, value=r, duration=0.13265060000048834>
29.5201 	INFO 	Keyboard events cleared
29.5199 	EXP 	fixation: autoDraw = False
29.5199 	EXP 	text: autoDraw = True
29.8646 	EXP 	Device response: <KeyPress from None: t=29.860549199999696, value=b, duration=None>
29.8647 	EXP 	New trial (rep=7, index=0): <Trial 28 (0 in rep 7) data={'Word': 'RED', 'Color': 'blue', 'Stimulus_Condition': 'I', 'Correct_Response': 'b', 'thisN': 28, 'thisTrialN': 0, 'thisRepN': 7}>
29.8655 	DATA 	Keypress: b
29.8710 	EXP 	fixation: autoDraw = False
29.8710 	EXP 	text: autoDraw = False
29.8710 	EXP 	text: foreColor = <psychopy.colors.Color: blue, alpha=1.0>
29.8710 	EXP 	text: text = 'RED'
29.8710 	EXP 	fixation: autoDraw = True
29.9552 	EXP 	Device response: <KeyPress from None: t=29.860549199999696, value=b, duration=0.0895795000005819>
30.3561 	INFO 	Keyboard events cleared
30.3559 	EXP 	fixation: autoDraw = False
30.3559 	EXP 	text: autoDraw = True
30.6330 	DATA 	Keypress: b
30.6395 	EXP 	Device response: <KeyPress from None: t=30.631777599999623, value=b, duration=None>
30.6398 	EXP 	New trial (rep=7, index=1): <Trial 29 (1 in rep 7) data={'Word': 'BLUE', 'Color': 'blue', 'Stimulus_Condition': 'C', 'Correct_Response': 'b', 'thisN': 29, 'thisTrialN': 1, 'thisRepN': 7}>
30.6486 	EXP 	fixation: autoDraw = False
30.6486 	EXP 	text: autoDraw = False
30.6486 	EXP 	text: foreColor = <psychopy.colors.Color: blue, alpha=1.0>
30.6486 	EXP 	text: height = np.float64(0.05)
30.6486 	EXP 	text: height = np.float64(0.05)
30.6486 	EXP 	text: height = np.float64(0.05)
30.6486 	EXP 	text: text = 'BLUE'
30.6486 	EXP 	fixation: autoDraw = True
30.7128 	EXP 	Device response: <KeyPress from None: t=30.631777599999623, value=b, duration=0.0768039000004137>
31.1350 	INFO 	Keyboard events cleared
31.1349 	EXP 	fixation: autoDraw = False
31.1349 	EXP 	text: autoDraw = True
31.5047 	DATA 	Keypress: b
31.5094 	EXP 	Device response: <KeyPress from None: t=31.5034684000002, value=b, duration=None>
31.5097 	EXP 	New trial (rep=7, index=2): <Trial 30 (2 in rep 7) data={'Word': 'BLUE', 'Color': 'red', 'Stimulus_Condition': 'I', 'Correct_Response': 'r', 'thisN': 30, 'thisTrialN': 2, 'thisRepN': 7}>
31.5162 	EXP 	fixation: autoDraw = False
31.5162 	EXP 	text: autoDraw = False
31.5162 	EXP 	text: foreColor = <psychopy.colors.Color: red, alpha=1.0>
31.5162 	EXP 	text: text = 'BLUE'
31.5162 	EXP 	fixation: autoDraw = True
31.5807 	EXP 	Device response: <KeyPress from None: t=31.5034684000002, value=b, duration=0.07641019999937271>
32.0056 	INFO 	Keyboard events cleared
32.0054 	EXP 	fixation: autoDraw = False
32.0054 	EXP 	text: autoDraw = True
32.3552 	EXP 	Device response: <KeyPress from None: t=32.354459099999985, value=r, duration=None>
32.3556 	EXP 	New trial (rep=7, index=3): <Trial 31 (3 in rep 7) data={'Word': 'RED', 'Color': 'red', 'Stimulus_Condition': 'C', 'Correct_Response': 'r', 'thisN': 31, 'thisTrialN': 3, 'thisRepN': 7}>
32.3581 	DATA 	Keypress: r
32.3622 	EXP 	fixation: autoDraw = False
32.3622 	EXP 	text: autoDraw = False
32.3622 	EXP 	text: foreColor = <psychopy.colors.Color: red, alpha=1.0>
32.3622 	EXP 	text: height = np.float64(0.05)
32.3622 	EXP 	text: height = np.float64(0.05)
32.3622 	EXP 	text: height = np.float64(0.05)
32.3622 	EXP 	text: text = 'RED'
32.3622 	EXP 	fixation: autoDraw = True
32.4469 	EXP 	Device response: <KeyPress from None: t=32.354459099999985, value=r, duration=0.0872865000001184>
32.8474 	INFO 	Keyboard events cleared
32.8473 	EXP 	fixation: autoDraw = False
32.8473 	EXP 	text: autoDraw = True
33.2339 	EXP 	Device response: <KeyPress from None: t=33.233450199999425, value=r, duration=None>
33.2341 	EXP 	New trial (rep=8, index=0): <Trial 32 (0 in rep 8) data={'Word': 'BLUE', 'Color': 'blue', 'Stimulus_Condition': 'C', 'Correct_Response': 'b', 'thisN': 32, 'thisTrialN': 0, 'thisRepN': 8}>
33.2361 	DATA 	Keypress: r
33.2400 	EXP 	fixation: autoDraw = False
33.2400 	EXP 	text: autoDraw = False
33.2400 	EXP 	text: foreColor = <psychopy.colors.Color: blue, alpha=1.0>
33.2400 	EXP 	text: height = np.float64(0.05)
33.2400 	EXP 	text: height = np.float64(0.05)
33.2400 	EXP 	text: height = np.float64(0.05)
33.2400 	EXP 	text: text = 'BLUE'
33.2400 	EXP 	fixation: autoDraw = True
33.3387 	EXP 	Device response: <KeyPress from None: t=33.233450199999425, value=r, duration=0.10054690000015398>
33.7246 	INFO 	Keyboard events cleared
33.7245 	EXP 	fixation: autoDraw = False
33.7245 	EXP 	text: autoDraw = True
33.9861 	EXP 	Device response: <KeyPress from None: t=33.98238539999966, value=b, duration=None>
33.9863 	EXP 	New trial (rep=8, index=1): <Trial 33 (1 in rep 8) data={'Word': 'BLUE', 'Color': 'red', 'Stimulus_Condition': 'I', 'Correct_Response': 'r', 'thisN': 33, 'thisTrialN': 1, 'thisRepN': 8}>
33.9876 	DATA 	Keypress: b
33.9941 	EXP 	fixation: autoDraw = False
33.9941 	EXP 	text: autoDraw = False
33.9941 	EXP 	text: foreColor = <psychopy.colors.Color: red, alpha=1.0>
33.9941 	EXP 	text: text = 'BLUE'
33.9941 	EXP 	fixation: autoDraw = True
34.0721 	EXP 	Device response: <KeyPress from None: t=33.98238539999966, value=b, duration=0.0858909999997195>
34.4788 	INFO 	Keyboard events cleared
34.4787 	EXP 	fixation: autoDraw = False
34.4787 	EXP 	text: autoDraw = True
34.7714 	EXP 	Device response: <KeyPress from None: t=34.767684100000224, value=r, duration=None>
34.7718 	EXP 	New trial (rep=8, index=2): <Trial 34 (2 in rep 8) data={'Word': 'RED', 'Color': 'blue', 'Stimulus_Condition': 'I', 'Correct_Response': 'b', 'thisN': 34, 'thisTrialN': 2, 'thisRepN': 8}>
34.7735 	DATA 	Keypress: r
34.7777 	EXP 	fixation: autoDraw = False
34.7777 	EXP 	text: autoDraw = False
34.7777 	EXP 	text: foreColor = <psychopy.colors.Color: blue, alpha=1.0>
34.7777 	EXP 	text: height = np.float64(0.05)
34.7777 	EXP 	text: height = np.float64(0.05)
34.7777 	EXP 	text: height = np.float64(0.05)
34.7777 	EXP 	text: text = 'RED'
34.7777 	EXP 	fixation: autoDraw = True
34.8690 	EXP 	Device response: <KeyPress from None: t=34.767684100000224, value=r, duration=0.09783419999985199>
35.2638 	INFO 	Keyboard events cleared
35.2636 	EXP 	fixation: autoDraw = False
35.2636 	EXP 	text: autoDraw = True
36.1664 	EXP 	Device response: <KeyPress from None: t=36.16320919999998, value=b, duration=None>
36.1667 	EXP 	New trial (rep=8, index=3): <Trial 35 (3 in rep 8) data={'Word': 'RED', 'Color': 'red', 'Stimulus_Condition': 'C', 'Correct_Response': 'r', 'thisN': 35, 'thisTrialN': 3, 'thisRepN': 8}>
36.1680 	DATA 	Keypress: b
36.1745 	EXP 	fixation: autoDraw = False
36.1745 	EXP 	text: autoDraw = False
36.1745 	EXP 	text: foreColor = <psychopy.colors.Color: red, alpha=1.0>
36.1745 	EXP 	text: text = 'RED'
36.1745 	EXP 	fixation: autoDraw = True
36.2532 	EXP 	Device response: <KeyPress from None: t=36.16320919999998, value=b, duration=0.08465819999946689>
36.6577 	INFO 	Keyboard events cleared
36.6575 	EXP 	fixation: autoDraw = False
36.6575 	EXP 	text: autoDraw = True
36.9671 	DATA 	Keypress: r
36.9737 	EXP 	Device response: <KeyPress from None: t=36.96590399999968, value=r, duration=None>
36.9739 	EXP 	New trial (rep=9, index=0): <Trial 36 (0 in rep 9) data={'Word': 'RED', 'Color': 'red', 'Stimulus_Condition': 'C', 'Correct_Response': 'r', 'thisN': 36, 'thisTrialN': 0, 'thisRepN': 9}>
36.9814 	EXP 	fixation: autoDraw = False
36.9814 	EXP 	text: autoDraw = False
36.9814 	EXP 	text: foreColor = <psychopy.colors.Color: red, alpha=1.0>
36.9814 	EXP 	text: text = 'RED'
36.9814 	EXP 	fixation: autoDraw = True
37.0617 	EXP 	Device response: <KeyPress from None: t=36.96590399999968, value=r, duration=0.08812440000019706>
37.4677 	INFO 	Keyboard events cleared
37.4676 	EXP 	fixation: autoDraw = False
37.4676 	EXP 	text: autoDraw = True
37.9730 	EXP 	Device response: <KeyPress from None: t=37.96817379999993, value=r, duration=None>
37.9733 	EXP 	New trial (rep=9, index=1): <Trial 37 (1 in rep 9) data={'Word': 'BLUE', 'Color': 'blue', 'Stimulus_Condition': 'C', 'Correct_Response': 'b', 'thisN': 37, 'thisTrialN': 1, 'thisRepN': 9}>
37.9754 	DATA 	Keypress: r
37.9792 	EXP 	fixation: autoDraw = False
37.9792 	EXP 	text: autoDraw = False
37.9792 	EXP 	text: foreColor = <psychopy.colors.Color: blue, alpha=1.0>
37.9792 	EXP 	text: height = np.float64(0.05)
37.9792 	EXP 	text: height = np.float64(0.05)
37.9792 	EXP 	text: height = np.float64(0.05)
37.9792 	EXP 	text: text = 'BLUE'
37.9792 	EXP 	fixation: autoDraw = True
38.0786 	EXP 	Device response: <KeyPress from None: t=37.96817379999993, value=r, duration=0.10584610000023531>
38.4649 	INFO 	Keyboard events cleared
38.4647 	EXP 	fixation: autoDraw = False
38.4647 	EXP 	text: autoDraw = True
38.7357 	EXP 	Device response: <KeyPress from None: t=38.73397870000008, value=b, duration=None>
38.7360 	EXP 	New trial (rep=9, index=2): <Trial 38 (2 in rep 9) data={'Word': 'RED', 'Color': 'blue', 'Stimulus_Condition': 'I', 'Correct_Response': 'b', 'thisN': 38, 'thisTrialN': 2, 'thisRepN': 9}>
38.7385 	DATA 	Keypress: b
38.7425 	EXP 	fixation: autoDraw = False
38.7425 	EXP 	text: autoDraw = False
38.7425 	EXP 	text: foreColor = <psychopy.colors.Color: blue, alpha=1.0>
38.7425 	EXP 	text: height = np.float64(0.05)
38.7425 	EXP 	text: height = np.float64(0.05)
38.7425 	EXP 	text: height = np.float64(0.05)
38.7425 	EXP 	text: text = 'RED'
38.7425 	EXP 	fixation: autoDraw = True
38.8125 	EXP 	Device response: <KeyPress from None: t=38.73397870000008, value=b, duration=0.07350950000000012>
39.2296 	INFO 	Keyboard events cleared
39.2295 	EXP 	fixation: autoDraw = False
39.2295 	EXP 	text: autoDraw = True
39.6310 	EXP 	Device response: <KeyPress from None: t=39.627020699999775, value=b, duration=None>
39.6314 	EXP 	New trial (rep=9, index=3): <Trial 39 (3 in rep 9) data={'Word': 'BLUE', 'Color': 'red', 'Stimulus_Condition': 'I', 'Correct_Response': 'r', 'thisN': 39, 'thisTrialN': 3, 'thisRepN': 9}>
39.6350 	DATA 	Keypress: b
39.6411 	EXP 	fixation: autoDraw = False
39.6411 	EXP 	text: autoDraw = False
39.6411 	EXP 	text: foreColor = <psychopy.colors.Color: red, alpha=1.0>
39.6411 	EXP 	text: height = np.float64(0.05)
39.6411 	EXP 	text: height = np.float64(0.05)
39.6411 	EXP 	text: height = np.float64(0.05)
39.6411 	EXP 	text: text = 'BLUE'
39.6411 	EXP 	fixation: autoDraw = True
39.6997 	EXP 	Device response: <KeyPress from None: t=39.627020699999775, value=b, duration=0.06366119999984221>
40.1202 	INFO 	Keyboard events cleared
40.1201 	EXP 	fixation: autoDraw = False
40.1201 	EXP 	text: autoDraw = True
40.4713 	DATA 	Keypress: r
40.4772 	EXP 	Device response: <KeyPress from None: t=40.470102600000246, value=r, duration=None>
40.4836 	EXP 	fixation: autoDraw = False
40.4836 	EXP 	text: autoDraw = False
40.4836 	EXP 	text_3: autoDraw = True
40.5700 	EXP 	Device response: <KeyPress from None: t=40.470102600000246, value=r, duration=0.09339429999999993>
41.4745 	EXP 	text_3: autoDraw = False
41.4745 	EXP 	text_3: autoDraw = False
41.4747 	EXP 	StroopTask: status = STOPPED
41.5015 	INFO 	saved data to 'C:\\Users\\Kashish\\OneDrive\\Desktop\\PsychoPY\\data\\subject3_StroopTask_2025-08-25_17h34.38.559.csv'
41.5034 	INFO 	saved data to C:\Users\Kashish\OneDrive\Desktop\PsychoPY\data\subject3_StroopTask_2025-08-25_17h34.38.559.psydat
42.2146 	WARNING 	Stopping key buffers but this could be dangerous ifother keyboards rely on the same.
